The target system is: Generic -  - 
The host system is: Linux - 5.15.0-47-generic - x86_64
Compiling the C compiler identification source file "CMakeCCompilerId.c" succeeded.
Compiler: /home/alon/.espressif/tools/riscv32-esp-elf/esp-2021r2-patch4-8.4.0/riscv32-esp-elf/bin/riscv32-esp-elf-gcc 
Build flags: -march=rv32imc;
Id flags:  

The output was:
0


Compilation of the C compiler identification source "CMakeCCompilerId.c" produced "a.out"

The C compiler identification is GNU, found in "/home/alon/github/awtrix/build/bootloader/CMakeFiles/3.22.1/CompilerIdC/a.out"

Compiling the CXX compiler identification source file "CMakeCXXCompilerId.cpp" succeeded.
Compiler: /home/alon/.espressif/tools/riscv32-esp-elf/esp-2021r2-patch4-8.4.0/riscv32-esp-elf/bin/riscv32-esp-elf-g++ 
Build flags: -march=rv32imc;
Id flags:  

The output was:
0


Compilation of the CXX compiler identification source "CMakeCXXCompilerId.cpp" produced "a.out"

The CXX compiler identification is GNU, found in "/home/alon/github/awtrix/build/bootloader/CMakeFiles/3.22.1/CompilerIdCXX/a.out"

Checking whether the ASM compiler is GNU using "--version" matched "(GNU assembler)|(GCC)|(Free Software Foundation)":
riscv32-esp-elf-gcc (crosstool-NG esp-2021r2-patch4) 8.4.0
Copyright (C) 2018 Free Software Foundation, Inc.
This is free software; see the source for copying conditions.  There is NO
warranty; not even for MERCHANTABILITY or FITNESS FOR A PARTICULAR PURPOSE.

Detecting C compiler ABI info compiled with the following output:
Change Dir: /home/alon/github/awtrix/build/bootloader/CMakeFiles/CMakeTmp

Run Build Command(s):/usr/bin/gmake -f Makefile cmTC_a98a6/fast && gmake[3]: Entering directory '/home/alon/github/awtrix/build/bootloader/CMakeFiles/CMakeTmp'
/usr/bin/gmake  -f CMakeFiles/cmTC_a98a6.dir/build.make CMakeFiles/cmTC_a98a6.dir/build
gmake[4]: Entering directory '/home/alon/github/awtrix/build/bootloader/CMakeFiles/CMakeTmp'
Building C object CMakeFiles/cmTC_a98a6.dir/CMakeCCompilerABI.c.obj
/home/alon/.espressif/tools/riscv32-esp-elf/esp-2021r2-patch4-8.4.0/riscv32-esp-elf/bin/riscv32-esp-elf-gcc   -march=rv32imc     -v -o CMakeFiles/cmTC_a98a6.dir/CMakeCCompilerABI.c.obj -c /usr/share/cmake-3.22/Modules/CMakeCCompilerABI.c
Using built-in specs.
COLLECT_GCC=/home/alon/.espressif/tools/riscv32-esp-elf/esp-2021r2-patch4-8.4.0/riscv32-esp-elf/bin/riscv32-esp-elf-gcc
Target: riscv32-esp-elf
Configured with: /builds/idf/crosstool-NG/.build/riscv32-esp-elf/src/gcc/configure --build=x86_64-build_pc-linux-gnu --host=x86_64-build_pc-linux-gnu --target=riscv32-esp-elf --prefix=/builds/idf/crosstool-NG/builds/riscv32-esp-elf --exec_prefix=/builds/idf/crosstool-NG/builds/riscv32-esp-elf --with-local-prefix=/builds/idf/crosstool-NG/builds/riscv32-esp-elf/riscv32-esp-elf --with-headers=/builds/idf/crosstool-NG/builds/riscv32-esp-elf/riscv32-esp-elf/include --with-newlib --enable-threads=no --disable-shared --with-arch=rv32gc --with-abi=ilp32 --with-pkgversion='crosstool-NG esp-2021r2-patch4' --disable-__cxa_atexit --enable-cxx-flags=-ffunction-sections --disable-libgomp --disable-libmudflap --disable-libmpx --disable-libssp --disable-libquadmath --disable-libquadmath-support --disable-libstdcxx-verbose --with-gmp=/builds/idf/crosstool-NG/.build/riscv32-esp-elf/buildtools --with-mpfr=/builds/idf/crosstool-NG/.build/riscv32-esp-elf/buildtools --with-mpc=/builds/idf/crosstool-NG/.build/riscv32-esp-elf/buildtools --with-isl=/builds/idf/crosstool-NG/.build/riscv32-esp-elf/buildtools --enable-lto --enable-target-optspace --without-long-double-128 --disable-nls --enable-multiarch --enable-languages=c,c++ --disable-libstdcxx-verbose --enable-threads=posix --enable-gcov-custom-rtio --enable-libstdcxx-time=yes
Thread model: posix
gcc version 8.4.0 (crosstool-NG esp-2021r2-patch4) 
COLLECT_GCC_OPTIONS='-march=rv32imc' '-v' '-o' 'CMakeFiles/cmTC_a98a6.dir/CMakeCCompilerABI.c.obj' '-c' '-mabi=ilp32'
 /home/alon/.espressif/tools/riscv32-esp-elf/esp-2021r2-patch4-8.4.0/riscv32-esp-elf/bin/../libexec/gcc/riscv32-esp-elf/8.4.0/cc1 -quiet -v -imultilib rv32imc/ilp32 -iprefix /home/alon/.espressif/tools/riscv32-esp-elf/esp-2021r2-patch4-8.4.0/riscv32-esp-elf/bin/../lib/gcc/riscv32-esp-elf/8.4.0/ /usr/share/cmake-3.22/Modules/CMakeCCompilerABI.c -quiet -dumpbase CMakeCCompilerABI.c -march=rv32imc -mabi=ilp32 -auxbase-strip CMakeFiles/cmTC_a98a6.dir/CMakeCCompilerABI.c.obj -version -o /tmp/cclZhWZJ.s
GNU C17 (crosstool-NG esp-2021r2-patch4) version 8.4.0 (riscv32-esp-elf)
	compiled by GNU C version 4.9.2, GMP version 6.2.1, MPFR version 4.1.0, MPC version 1.2.1, isl version isl-0.19-GMP

GGC heuristics: --param ggc-min-expand=100 --param ggc-min-heapsize=131072
ignoring duplicate directory "/home/alon/.espressif/tools/riscv32-esp-elf/esp-2021r2-patch4-8.4.0/riscv32-esp-elf/bin/../lib/gcc/../../lib/gcc/riscv32-esp-elf/8.4.0/include"
ignoring duplicate directory "/home/alon/.espressif/tools/riscv32-esp-elf/esp-2021r2-patch4-8.4.0/riscv32-esp-elf/bin/../lib/gcc/../../lib/gcc/riscv32-esp-elf/8.4.0/include-fixed"
ignoring duplicate directory "/home/alon/.espressif/tools/riscv32-esp-elf/esp-2021r2-patch4-8.4.0/riscv32-esp-elf/bin/../lib/gcc/../../lib/gcc/riscv32-esp-elf/8.4.0/../../../../riscv32-esp-elf/sys-include"
ignoring duplicate directory "/home/alon/.espressif/tools/riscv32-esp-elf/esp-2021r2-patch4-8.4.0/riscv32-esp-elf/bin/../lib/gcc/../../lib/gcc/riscv32-esp-elf/8.4.0/../../../../riscv32-esp-elf/include"
#include "..." search starts here:
#include <...> search starts here:
 /home/alon/.espressif/tools/riscv32-esp-elf/esp-2021r2-patch4-8.4.0/riscv32-esp-elf/bin/../lib/gcc/riscv32-esp-elf/8.4.0/include
 /home/alon/.espressif/tools/riscv32-esp-elf/esp-2021r2-patch4-8.4.0/riscv32-esp-elf/bin/../lib/gcc/riscv32-esp-elf/8.4.0/include-fixed
 /home/alon/.espressif/tools/riscv32-esp-elf/esp-2021r2-patch4-8.4.0/riscv32-esp-elf/bin/../lib/gcc/riscv32-esp-elf/8.4.0/../../../../riscv32-esp-elf/sys-include
 /home/alon/.espressif/tools/riscv32-esp-elf/esp-2021r2-patch4-8.4.0/riscv32-esp-elf/bin/../lib/gcc/riscv32-esp-elf/8.4.0/../../../../riscv32-esp-elf/include
End of search list.
GNU C17 (crosstool-NG esp-2021r2-patch4) version 8.4.0 (riscv32-esp-elf)
	compiled by GNU C version 4.9.2, GMP version 6.2.1, MPFR version 4.1.0, MPC version 1.2.1, isl version isl-0.19-GMP

GGC heuristics: --param ggc-min-expand=100 --param ggc-min-heapsize=131072
Compiler executable checksum: 95662f991f520ee99449cbe30dbee524
COLLECT_GCC_OPTIONS='-march=rv32imc' '-v' '-o' 'CMakeFiles/cmTC_a98a6.dir/CMakeCCompilerABI.c.obj' '-c' '-mabi=ilp32'
 /home/alon/.espressif/tools/riscv32-esp-elf/esp-2021r2-patch4-8.4.0/riscv32-esp-elf/bin/../lib/gcc/riscv32-esp-elf/8.4.0/../../../../riscv32-esp-elf/bin/as -v --traditional-format -march=rv32imc -mabi=ilp32 -o CMakeFiles/cmTC_a98a6.dir/CMakeCCompilerABI.c.obj /tmp/cclZhWZJ.s
GNU assembler version 2.35.1 (riscv32-esp-elf) using BFD version (crosstool-NG esp-2021r2-patch4) 2.35.1.20201223
COMPILER_PATH=/home/alon/.espressif/tools/riscv32-esp-elf/esp-2021r2-patch4-8.4.0/riscv32-esp-elf/bin/../libexec/gcc/riscv32-esp-elf/8.4.0/:/home/alon/.espressif/tools/riscv32-esp-elf/esp-2021r2-patch4-8.4.0/riscv32-esp-elf/bin/../libexec/gcc/:/home/alon/.espressif/tools/riscv32-esp-elf/esp-2021r2-patch4-8.4.0/riscv32-esp-elf/bin/../lib/gcc/riscv32-esp-elf/8.4.0/../../../../riscv32-esp-elf/bin/
LIBRARY_PATH=/home/alon/.espressif/tools/riscv32-esp-elf/esp-2021r2-patch4-8.4.0/riscv32-esp-elf/bin/../lib/gcc/riscv32-esp-elf/8.4.0/rv32imc/ilp32/:/home/alon/.espressif/tools/riscv32-esp-elf/esp-2021r2-patch4-8.4.0/riscv32-esp-elf/bin/../lib/gcc/riscv32-esp-elf/8.4.0/../../../../riscv32-esp-elf/lib/rv32imc/ilp32/:/home/alon/.espressif/tools/riscv32-esp-elf/esp-2021r2-patch4-8.4.0/riscv32-esp-elf/bin/../lib/gcc/riscv32-esp-elf/8.4.0/:/home/alon/.espressif/tools/riscv32-esp-elf/esp-2021r2-patch4-8.4.0/riscv32-esp-elf/bin/../lib/gcc/:/home/alon/.espressif/tools/riscv32-esp-elf/esp-2021r2-patch4-8.4.0/riscv32-esp-elf/bin/../lib/gcc/riscv32-esp-elf/8.4.0/../../../../riscv32-esp-elf/lib/:/lib/:/usr/lib/
COLLECT_GCC_OPTIONS='-march=rv32imc' '-v' '-o' 'CMakeFiles/cmTC_a98a6.dir/CMakeCCompilerABI.c.obj' '-c' '-mabi=ilp32'
Linking C executable cmTC_a98a6
/usr/bin/cmake -E cmake_link_script CMakeFiles/cmTC_a98a6.dir/link.txt --verbose=1
/home/alon/.espressif/tools/riscv32-esp-elf/esp-2021r2-patch4-8.4.0/riscv32-esp-elf/bin/riscv32-esp-elf-gcc -march=rv32imc   -nostartfiles -march=rv32imc --specs=nosys.specs  -v CMakeFiles/cmTC_a98a6.dir/CMakeCCompilerABI.c.obj -o cmTC_a98a6 
Using built-in specs.
Reading specs from /home/alon/.espressif/tools/riscv32-esp-elf/esp-2021r2-patch4-8.4.0/riscv32-esp-elf/bin/../lib/gcc/riscv32-esp-elf/8.4.0/../../../../riscv32-esp-elf/lib/nosys.specs
rename spec link_gcc_c_sequence to nosys_link_gcc_c_sequence
COLLECT_GCC=/home/alon/.espressif/tools/riscv32-esp-elf/esp-2021r2-patch4-8.4.0/riscv32-esp-elf/bin/riscv32-esp-elf-gcc
COLLECT_LTO_WRAPPER=/home/alon/.espressif/tools/riscv32-esp-elf/esp-2021r2-patch4-8.4.0/riscv32-esp-elf/bin/../libexec/gcc/riscv32-esp-elf/8.4.0/lto-wrapper
Target: riscv32-esp-elf
Configured with: /builds/idf/crosstool-NG/.build/riscv32-esp-elf/src/gcc/configure --build=x86_64-build_pc-linux-gnu --host=x86_64-build_pc-linux-gnu --target=riscv32-esp-elf --prefix=/builds/idf/crosstool-NG/builds/riscv32-esp-elf --exec_prefix=/builds/idf/crosstool-NG/builds/riscv32-esp-elf --with-local-prefix=/builds/idf/crosstool-NG/builds/riscv32-esp-elf/riscv32-esp-elf --with-headers=/builds/idf/crosstool-NG/builds/riscv32-esp-elf/riscv32-esp-elf/include --with-newlib --enable-threads=no --disable-shared --with-arch=rv32gc --with-abi=ilp32 --with-pkgversion='crosstool-NG esp-2021r2-patch4' --disable-__cxa_atexit --enable-cxx-flags=-ffunction-sections --disable-libgomp --disable-libmudflap --disable-libmpx --disable-libssp --disable-libquadmath --disable-libquadmath-support --disable-libstdcxx-verbose --with-gmp=/builds/idf/crosstool-NG/.build/riscv32-esp-elf/buildtools --with-mpfr=/builds/idf/crosstool-NG/.build/riscv32-esp-elf/buildtools --with-mpc=/builds/idf/crosstool-NG/.build/riscv32-esp-elf/buildtools --with-isl=/builds/idf/crosstool-NG/.build/riscv32-esp-elf/buildtools --enable-lto --enable-target-optspace --without-long-double-128 --disable-nls --enable-multiarch --enable-languages=c,c++ --disable-libstdcxx-verbose --enable-threads=posix --enable-gcov-custom-rtio --enable-libstdcxx-time=yes
Thread model: posix
gcc version 8.4.0 (crosstool-NG esp-2021r2-patch4) 
COMPILER_PATH=/home/alon/.espressif/tools/riscv32-esp-elf/esp-2021r2-patch4-8.4.0/riscv32-esp-elf/bin/../libexec/gcc/riscv32-esp-elf/8.4.0/:/home/alon/.espressif/tools/riscv32-esp-elf/esp-2021r2-patch4-8.4.0/riscv32-esp-elf/bin/../libexec/gcc/:/home/alon/.espressif/tools/riscv32-esp-elf/esp-2021r2-patch4-8.4.0/riscv32-esp-elf/bin/../lib/gcc/riscv32-esp-elf/8.4.0/../../../../riscv32-esp-elf/bin/
LIBRARY_PATH=/home/alon/.espressif/tools/riscv32-esp-elf/esp-2021r2-patch4-8.4.0/riscv32-esp-elf/bin/../lib/gcc/riscv32-esp-elf/8.4.0/rv32imc/ilp32/:/home/alon/.espressif/tools/riscv32-esp-elf/esp-2021r2-patch4-8.4.0/riscv32-esp-elf/bin/../lib/gcc/riscv32-esp-elf/8.4.0/../../../../riscv32-esp-elf/lib/rv32imc/ilp32/:/home/alon/.espressif/tools/riscv32-esp-elf/esp-2021r2-patch4-8.4.0/riscv32-esp-elf/bin/../lib/gcc/riscv32-esp-elf/8.4.0/:/home/alon/.espressif/tools/riscv32-esp-elf/esp-2021r2-patch4-8.4.0/riscv32-esp-elf/bin/../lib/gcc/:/home/alon/.espressif/tools/riscv32-esp-elf/esp-2021r2-patch4-8.4.0/riscv32-esp-elf/bin/../lib/gcc/riscv32-esp-elf/8.4.0/../../../../riscv32-esp-elf/lib/:/lib/:/usr/lib/
COLLECT_GCC_OPTIONS='-march=rv32imc' '-nostartfiles' '-march=rv32imc' '-specs=nosys.specs' '-v' '-o' 'cmTC_a98a6' '-mabi=ilp32'
 /home/alon/.espressif/tools/riscv32-esp-elf/esp-2021r2-patch4-8.4.0/riscv32-esp-elf/bin/../libexec/gcc/riscv32-esp-elf/8.4.0/collect2 -plugin /home/alon/.espressif/tools/riscv32-esp-elf/esp-2021r2-patch4-8.4.0/riscv32-esp-elf/bin/../libexec/gcc/riscv32-esp-elf/8.4.0/liblto_plugin.so -plugin-opt=/home/alon/.espressif/tools/riscv32-esp-elf/esp-2021r2-patch4-8.4.0/riscv32-esp-elf/bin/../libexec/gcc/riscv32-esp-elf/8.4.0/lto-wrapper -plugin-opt=-fresolution=/tmp/ccaCpnvt.res -plugin-opt=-pass-through=-lgcc -plugin-opt=-pass-through=-lc -plugin-opt=-pass-through=-lnosys -plugin-opt=-pass-through=-lc -plugin-opt=-pass-through=-lgcc -plugin-opt=-pass-through=-lgcc -plugin-opt=-pass-through=-lc -plugin-opt=-pass-through=-lnosys -melf32lriscv -o cmTC_a98a6 -L/home/alon/.espressif/tools/riscv32-esp-elf/esp-2021r2-patch4-8.4.0/riscv32-esp-elf/bin/../lib/gcc/riscv32-esp-elf/8.4.0/rv32imc/ilp32 -L/home/alon/.espressif/tools/riscv32-esp-elf/esp-2021r2-patch4-8.4.0/riscv32-esp-elf/bin/../lib/gcc/riscv32-esp-elf/8.4.0/../../../../riscv32-esp-elf/lib/rv32imc/ilp32 -L/home/alon/.espressif/tools/riscv32-esp-elf/esp-2021r2-patch4-8.4.0/riscv32-esp-elf/bin/../lib/gcc/riscv32-esp-elf/8.4.0 -L/home/alon/.espressif/tools/riscv32-esp-elf/esp-2021r2-patch4-8.4.0/riscv32-esp-elf/bin/../lib/gcc -L/home/alon/.espressif/tools/riscv32-esp-elf/esp-2021r2-patch4-8.4.0/riscv32-esp-elf/bin/../lib/gcc/riscv32-esp-elf/8.4.0/../../../../riscv32-esp-elf/lib CMakeFiles/cmTC_a98a6.dir/CMakeCCompilerABI.c.obj -lgcc -lc -lnosys -lc -lgcc --start-group -lgcc -lc -lnosys --end-group
/home/alon/.espressif/tools/riscv32-esp-elf/esp-2021r2-patch4-8.4.0/riscv32-esp-elf/bin/../lib/gcc/riscv32-esp-elf/8.4.0/../../../../riscv32-esp-elf/bin/ld: warning: cannot find entry symbol _start; defaulting to 0000000000010054
COLLECT_GCC_OPTIONS='-march=rv32imc' '-nostartfiles' '-march=rv32imc' '-specs=nosys.specs' '-v' '-o' 'cmTC_a98a6' '-mabi=ilp32'
gmake[4]: Leaving directory '/home/alon/github/awtrix/build/bootloader/CMakeFiles/CMakeTmp'
gmake[3]: Leaving directory '/home/alon/github/awtrix/build/bootloader/CMakeFiles/CMakeTmp'



Parsed C implicit include dir info from above output: rv=done
  found start of include info
  found start of implicit include info
    add: [/home/alon/.espressif/tools/riscv32-esp-elf/esp-2021r2-patch4-8.4.0/riscv32-esp-elf/bin/../lib/gcc/riscv32-esp-elf/8.4.0/include]
    add: [/home/alon/.espressif/tools/riscv32-esp-elf/esp-2021r2-patch4-8.4.0/riscv32-esp-elf/bin/../lib/gcc/riscv32-esp-elf/8.4.0/include-fixed]
    add: [/home/alon/.espressif/tools/riscv32-esp-elf/esp-2021r2-patch4-8.4.0/riscv32-esp-elf/bin/../lib/gcc/riscv32-esp-elf/8.4.0/../../../../riscv32-esp-elf/sys-include]
    add: [/home/alon/.espressif/tools/riscv32-esp-elf/esp-2021r2-patch4-8.4.0/riscv32-esp-elf/bin/../lib/gcc/riscv32-esp-elf/8.4.0/../../../../riscv32-esp-elf/include]
  end of search list found
  collapse include dir [/home/alon/.espressif/tools/riscv32-esp-elf/esp-2021r2-patch4-8.4.0/riscv32-esp-elf/bin/../lib/gcc/riscv32-esp-elf/8.4.0/include] ==> [/home/alon/.espressif/tools/riscv32-esp-elf/esp-2021r2-patch4-8.4.0/riscv32-esp-elf/lib/gcc/riscv32-esp-elf/8.4.0/include]
  collapse include dir [/home/alon/.espressif/tools/riscv32-esp-elf/esp-2021r2-patch4-8.4.0/riscv32-esp-elf/bin/../lib/gcc/riscv32-esp-elf/8.4.0/include-fixed] ==> [/home/alon/.espressif/tools/riscv32-esp-elf/esp-2021r2-patch4-8.4.0/riscv32-esp-elf/lib/gcc/riscv32-esp-elf/8.4.0/include-fixed]
  collapse include dir [/home/alon/.espressif/tools/riscv32-esp-elf/esp-2021r2-patch4-8.4.0/riscv32-esp-elf/bin/../lib/gcc/riscv32-esp-elf/8.4.0/../../../../riscv32-esp-elf/sys-include] ==> [/home/alon/.espressif/tools/riscv32-esp-elf/esp-2021r2-patch4-8.4.0/riscv32-esp-elf/riscv32-esp-elf/sys-include]
  collapse include dir [/home/alon/.espressif/tools/riscv32-esp-elf/esp-2021r2-patch4-8.4.0/riscv32-esp-elf/bin/../lib/gcc/riscv32-esp-elf/8.4.0/../../../../riscv32-esp-elf/include] ==> [/home/alon/.espressif/tools/riscv32-esp-elf/esp-2021r2-patch4-8.4.0/riscv32-esp-elf/riscv32-esp-elf/include]
  implicit include dirs: [/home/alon/.espressif/tools/riscv32-esp-elf/esp-2021r2-patch4-8.4.0/riscv32-esp-elf/lib/gcc/riscv32-esp-elf/8.4.0/include;/home/alon/.espressif/tools/riscv32-esp-elf/esp-2021r2-patch4-8.4.0/riscv32-esp-elf/lib/gcc/riscv32-esp-elf/8.4.0/include-fixed;/home/alon/.espressif/tools/riscv32-esp-elf/esp-2021r2-patch4-8.4.0/riscv32-esp-elf/riscv32-esp-elf/sys-include;/home/alon/.espressif/tools/riscv32-esp-elf/esp-2021r2-patch4-8.4.0/riscv32-esp-elf/riscv32-esp-elf/include]


Parsed C implicit link information from above output:
  link line regex: [^( *|.*[/\])(riscv32-esp-elf-ld|CMAKE_LINK_STARTFILE-NOTFOUND|([^/\]+-)?ld|collect2)[^/\]*( |$)]
  ignore line: [Change Dir: /home/alon/github/awtrix/build/bootloader/CMakeFiles/CMakeTmp]
  ignore line: []
  ignore line: [Run Build Command(s):/usr/bin/gmake -f Makefile cmTC_a98a6/fast && gmake[3]: Entering directory '/home/alon/github/awtrix/build/bootloader/CMakeFiles/CMakeTmp']
  ignore line: [/usr/bin/gmake  -f CMakeFiles/cmTC_a98a6.dir/build.make CMakeFiles/cmTC_a98a6.dir/build]
  ignore line: [gmake[4]: Entering directory '/home/alon/github/awtrix/build/bootloader/CMakeFiles/CMakeTmp']
  ignore line: [Building C object CMakeFiles/cmTC_a98a6.dir/CMakeCCompilerABI.c.obj]
  ignore line: [/home/alon/.espressif/tools/riscv32-esp-elf/esp-2021r2-patch4-8.4.0/riscv32-esp-elf/bin/riscv32-esp-elf-gcc   -march=rv32imc     -v -o CMakeFiles/cmTC_a98a6.dir/CMakeCCompilerABI.c.obj -c /usr/share/cmake-3.22/Modules/CMakeCCompilerABI.c]
  ignore line: [Using built-in specs.]
  ignore line: [COLLECT_GCC=/home/alon/.espressif/tools/riscv32-esp-elf/esp-2021r2-patch4-8.4.0/riscv32-esp-elf/bin/riscv32-esp-elf-gcc]
  ignore line: [Target: riscv32-esp-elf]
  ignore line: [Configured with: /builds/idf/crosstool-NG/.build/riscv32-esp-elf/src/gcc/configure --build=x86_64-build_pc-linux-gnu --host=x86_64-build_pc-linux-gnu --target=riscv32-esp-elf --prefix=/builds/idf/crosstool-NG/builds/riscv32-esp-elf --exec_prefix=/builds/idf/crosstool-NG/builds/riscv32-esp-elf --with-local-prefix=/builds/idf/crosstool-NG/builds/riscv32-esp-elf/riscv32-esp-elf --with-headers=/builds/idf/crosstool-NG/builds/riscv32-esp-elf/riscv32-esp-elf/include --with-newlib --enable-threads=no --disable-shared --with-arch=rv32gc --with-abi=ilp32 --with-pkgversion='crosstool-NG esp-2021r2-patch4' --disable-__cxa_atexit --enable-cxx-flags=-ffunction-sections --disable-libgomp --disable-libmudflap --disable-libmpx --disable-libssp --disable-libquadmath --disable-libquadmath-support --disable-libstdcxx-verbose --with-gmp=/builds/idf/crosstool-NG/.build/riscv32-esp-elf/buildtools --with-mpfr=/builds/idf/crosstool-NG/.build/riscv32-esp-elf/buildtools --with-mpc=/builds/idf/crosstool-NG/.build/riscv32-esp-elf/buildtools --with-isl=/builds/idf/crosstool-NG/.build/riscv32-esp-elf/buildtools --enable-lto --enable-target-optspace --without-long-double-128 --disable-nls --enable-multiarch --enable-languages=c c++ --disable-libstdcxx-verbose --enable-threads=posix --enable-gcov-custom-rtio --enable-libstdcxx-time=yes]
  ignore line: [Thread model: posix]
  ignore line: [gcc version 8.4.0 (crosstool-NG esp-2021r2-patch4) ]
  ignore line: [COLLECT_GCC_OPTIONS='-march=rv32imc' '-v' '-o' 'CMakeFiles/cmTC_a98a6.dir/CMakeCCompilerABI.c.obj' '-c' '-mabi=ilp32']
  ignore line: [ /home/alon/.espressif/tools/riscv32-esp-elf/esp-2021r2-patch4-8.4.0/riscv32-esp-elf/bin/../libexec/gcc/riscv32-esp-elf/8.4.0/cc1 -quiet -v -imultilib rv32imc/ilp32 -iprefix /home/alon/.espressif/tools/riscv32-esp-elf/esp-2021r2-patch4-8.4.0/riscv32-esp-elf/bin/../lib/gcc/riscv32-esp-elf/8.4.0/ /usr/share/cmake-3.22/Modules/CMakeCCompilerABI.c -quiet -dumpbase CMakeCCompilerABI.c -march=rv32imc -mabi=ilp32 -auxbase-strip CMakeFiles/cmTC_a98a6.dir/CMakeCCompilerABI.c.obj -version -o /tmp/cclZhWZJ.s]
  ignore line: [GNU C17 (crosstool-NG esp-2021r2-patch4) version 8.4.0 (riscv32-esp-elf)]
  ignore line: [	compiled by GNU C version 4.9.2  GMP version 6.2.1  MPFR version 4.1.0  MPC version 1.2.1  isl version isl-0.19-GMP]
  ignore line: []
  ignore line: [GGC heuristics: --param ggc-min-expand=100 --param ggc-min-heapsize=131072]
  ignore line: [ignoring duplicate directory "/home/alon/.espressif/tools/riscv32-esp-elf/esp-2021r2-patch4-8.4.0/riscv32-esp-elf/bin/../lib/gcc/../../lib/gcc/riscv32-esp-elf/8.4.0/include"]
  ignore line: [ignoring duplicate directory "/home/alon/.espressif/tools/riscv32-esp-elf/esp-2021r2-patch4-8.4.0/riscv32-esp-elf/bin/../lib/gcc/../../lib/gcc/riscv32-esp-elf/8.4.0/include-fixed"]
  ignore line: [ignoring duplicate directory "/home/alon/.espressif/tools/riscv32-esp-elf/esp-2021r2-patch4-8.4.0/riscv32-esp-elf/bin/../lib/gcc/../../lib/gcc/riscv32-esp-elf/8.4.0/../../../../riscv32-esp-elf/sys-include"]
  ignore line: [ignoring duplicate directory "/home/alon/.espressif/tools/riscv32-esp-elf/esp-2021r2-patch4-8.4.0/riscv32-esp-elf/bin/../lib/gcc/../../lib/gcc/riscv32-esp-elf/8.4.0/../../../../riscv32-esp-elf/include"]
  ignore line: [#include "..." search starts here:]
  ignore line: [#include <...> search starts here:]
  ignore line: [ /home/alon/.espressif/tools/riscv32-esp-elf/esp-2021r2-patch4-8.4.0/riscv32-esp-elf/bin/../lib/gcc/riscv32-esp-elf/8.4.0/include]
  ignore line: [ /home/alon/.espressif/tools/riscv32-esp-elf/esp-2021r2-patch4-8.4.0/riscv32-esp-elf/bin/../lib/gcc/riscv32-esp-elf/8.4.0/include-fixed]
  ignore line: [ /home/alon/.espressif/tools/riscv32-esp-elf/esp-2021r2-patch4-8.4.0/riscv32-esp-elf/bin/../lib/gcc/riscv32-esp-elf/8.4.0/../../../../riscv32-esp-elf/sys-include]
  ignore line: [ /home/alon/.espressif/tools/riscv32-esp-elf/esp-2021r2-patch4-8.4.0/riscv32-esp-elf/bin/../lib/gcc/riscv32-esp-elf/8.4.0/../../../../riscv32-esp-elf/include]
  ignore line: [End of search list.]
  ignore line: [GNU C17 (crosstool-NG esp-2021r2-patch4) version 8.4.0 (riscv32-esp-elf)]
  ignore line: [	compiled by GNU C version 4.9.2  GMP version 6.2.1  MPFR version 4.1.0  MPC version 1.2.1  isl version isl-0.19-GMP]
  ignore line: []
  ignore line: [GGC heuristics: --param ggc-min-expand=100 --param ggc-min-heapsize=131072]
  ignore line: [Compiler executable checksum: 95662f991f520ee99449cbe30dbee524]
  ignore line: [COLLECT_GCC_OPTIONS='-march=rv32imc' '-v' '-o' 'CMakeFiles/cmTC_a98a6.dir/CMakeCCompilerABI.c.obj' '-c' '-mabi=ilp32']
  ignore line: [ /home/alon/.espressif/tools/riscv32-esp-elf/esp-2021r2-patch4-8.4.0/riscv32-esp-elf/bin/../lib/gcc/riscv32-esp-elf/8.4.0/../../../../riscv32-esp-elf/bin/as -v --traditional-format -march=rv32imc -mabi=ilp32 -o CMakeFiles/cmTC_a98a6.dir/CMakeCCompilerABI.c.obj /tmp/cclZhWZJ.s]
  ignore line: [GNU assembler version 2.35.1 (riscv32-esp-elf) using BFD version (crosstool-NG esp-2021r2-patch4) 2.35.1.20201223]
  ignore line: [COMPILER_PATH=/home/alon/.espressif/tools/riscv32-esp-elf/esp-2021r2-patch4-8.4.0/riscv32-esp-elf/bin/../libexec/gcc/riscv32-esp-elf/8.4.0/:/home/alon/.espressif/tools/riscv32-esp-elf/esp-2021r2-patch4-8.4.0/riscv32-esp-elf/bin/../libexec/gcc/:/home/alon/.espressif/tools/riscv32-esp-elf/esp-2021r2-patch4-8.4.0/riscv32-esp-elf/bin/../lib/gcc/riscv32-esp-elf/8.4.0/../../../../riscv32-esp-elf/bin/]
  ignore line: [LIBRARY_PATH=/home/alon/.espressif/tools/riscv32-esp-elf/esp-2021r2-patch4-8.4.0/riscv32-esp-elf/bin/../lib/gcc/riscv32-esp-elf/8.4.0/rv32imc/ilp32/:/home/alon/.espressif/tools/riscv32-esp-elf/esp-2021r2-patch4-8.4.0/riscv32-esp-elf/bin/../lib/gcc/riscv32-esp-elf/8.4.0/../../../../riscv32-esp-elf/lib/rv32imc/ilp32/:/home/alon/.espressif/tools/riscv32-esp-elf/esp-2021r2-patch4-8.4.0/riscv32-esp-elf/bin/../lib/gcc/riscv32-esp-elf/8.4.0/:/home/alon/.espressif/tools/riscv32-esp-elf/esp-2021r2-patch4-8.4.0/riscv32-esp-elf/bin/../lib/gcc/:/home/alon/.espressif/tools/riscv32-esp-elf/esp-2021r2-patch4-8.4.0/riscv32-esp-elf/bin/../lib/gcc/riscv32-esp-elf/8.4.0/../../../../riscv32-esp-elf/lib/:/lib/:/usr/lib/]
  ignore line: [COLLECT_GCC_OPTIONS='-march=rv32imc' '-v' '-o' 'CMakeFiles/cmTC_a98a6.dir/CMakeCCompilerABI.c.obj' '-c' '-mabi=ilp32']
  ignore line: [Linking C executable cmTC_a98a6]
  ignore line: [/usr/bin/cmake -E cmake_link_script CMakeFiles/cmTC_a98a6.dir/link.txt --verbose=1]
  ignore line: [/home/alon/.espressif/tools/riscv32-esp-elf/esp-2021r2-patch4-8.4.0/riscv32-esp-elf/bin/riscv32-esp-elf-gcc -march=rv32imc   -nostartfiles -march=rv32imc --specs=nosys.specs  -v CMakeFiles/cmTC_a98a6.dir/CMakeCCompilerABI.c.obj -o cmTC_a98a6 ]
  ignore line: [Using built-in specs.]
  ignore line: [Reading specs from /home/alon/.espressif/tools/riscv32-esp-elf/esp-2021r2-patch4-8.4.0/riscv32-esp-elf/bin/../lib/gcc/riscv32-esp-elf/8.4.0/../../../../riscv32-esp-elf/lib/nosys.specs]
  ignore line: [rename spec link_gcc_c_sequence to nosys_link_gcc_c_sequence]
  ignore line: [COLLECT_GCC=/home/alon/.espressif/tools/riscv32-esp-elf/esp-2021r2-patch4-8.4.0/riscv32-esp-elf/bin/riscv32-esp-elf-gcc]
  ignore line: [COLLECT_LTO_WRAPPER=/home/alon/.espressif/tools/riscv32-esp-elf/esp-2021r2-patch4-8.4.0/riscv32-esp-elf/bin/../libexec/gcc/riscv32-esp-elf/8.4.0/lto-wrapper]
  ignore line: [Target: riscv32-esp-elf]
  ignore line: [Configured with: /builds/idf/crosstool-NG/.build/riscv32-esp-elf/src/gcc/configure --build=x86_64-build_pc-linux-gnu --host=x86_64-build_pc-linux-gnu --target=riscv32-esp-elf --prefix=/builds/idf/crosstool-NG/builds/riscv32-esp-elf --exec_prefix=/builds/idf/crosstool-NG/builds/riscv32-esp-elf --with-local-prefix=/builds/idf/crosstool-NG/builds/riscv32-esp-elf/riscv32-esp-elf --with-headers=/builds/idf/crosstool-NG/builds/riscv32-esp-elf/riscv32-esp-elf/include --with-newlib --enable-threads=no --disable-shared --with-arch=rv32gc --with-abi=ilp32 --with-pkgversion='crosstool-NG esp-2021r2-patch4' --disable-__cxa_atexit --enable-cxx-flags=-ffunction-sections --disable-libgomp --disable-libmudflap --disable-libmpx --disable-libssp --disable-libquadmath --disable-libquadmath-support --disable-libstdcxx-verbose --with-gmp=/builds/idf/crosstool-NG/.build/riscv32-esp-elf/buildtools --with-mpfr=/builds/idf/crosstool-NG/.build/riscv32-esp-elf/buildtools --with-mpc=/builds/idf/crosstool-NG/.build/riscv32-esp-elf/buildtools --with-isl=/builds/idf/crosstool-NG/.build/riscv32-esp-elf/buildtools --enable-lto --enable-target-optspace --without-long-double-128 --disable-nls --enable-multiarch --enable-languages=c c++ --disable-libstdcxx-verbose --enable-threads=posix --enable-gcov-custom-rtio --enable-libstdcxx-time=yes]
  ignore line: [Thread model: posix]
  ignore line: [gcc version 8.4.0 (crosstool-NG esp-2021r2-patch4) ]
  ignore line: [COMPILER_PATH=/home/alon/.espressif/tools/riscv32-esp-elf/esp-2021r2-patch4-8.4.0/riscv32-esp-elf/bin/../libexec/gcc/riscv32-esp-elf/8.4.0/:/home/alon/.espressif/tools/riscv32-esp-elf/esp-2021r2-patch4-8.4.0/riscv32-esp-elf/bin/../libexec/gcc/:/home/alon/.espressif/tools/riscv32-esp-elf/esp-2021r2-patch4-8.4.0/riscv32-esp-elf/bin/../lib/gcc/riscv32-esp-elf/8.4.0/../../../../riscv32-esp-elf/bin/]
  ignore line: [LIBRARY_PATH=/home/alon/.espressif/tools/riscv32-esp-elf/esp-2021r2-patch4-8.4.0/riscv32-esp-elf/bin/../lib/gcc/riscv32-esp-elf/8.4.0/rv32imc/ilp32/:/home/alon/.espressif/tools/riscv32-esp-elf/esp-2021r2-patch4-8.4.0/riscv32-esp-elf/bin/../lib/gcc/riscv32-esp-elf/8.4.0/../../../../riscv32-esp-elf/lib/rv32imc/ilp32/:/home/alon/.espressif/tools/riscv32-esp-elf/esp-2021r2-patch4-8.4.0/riscv32-esp-elf/bin/../lib/gcc/riscv32-esp-elf/8.4.0/:/home/alon/.espressif/tools/riscv32-esp-elf/esp-2021r2-patch4-8.4.0/riscv32-esp-elf/bin/../lib/gcc/:/home/alon/.espressif/tools/riscv32-esp-elf/esp-2021r2-patch4-8.4.0/riscv32-esp-elf/bin/../lib/gcc/riscv32-esp-elf/8.4.0/../../../../riscv32-esp-elf/lib/:/lib/:/usr/lib/]
  ignore line: [COLLECT_GCC_OPTIONS='-march=rv32imc' '-nostartfiles' '-march=rv32imc' '-specs=nosys.specs' '-v' '-o' 'cmTC_a98a6' '-mabi=ilp32']
  link line: [ /home/alon/.espressif/tools/riscv32-esp-elf/esp-2021r2-patch4-8.4.0/riscv32-esp-elf/bin/../libexec/gcc/riscv32-esp-elf/8.4.0/collect2 -plugin /home/alon/.espressif/tools/riscv32-esp-elf/esp-2021r2-patch4-8.4.0/riscv32-esp-elf/bin/../libexec/gcc/riscv32-esp-elf/8.4.0/liblto_plugin.so -plugin-opt=/home/alon/.espressif/tools/riscv32-esp-elf/esp-2021r2-patch4-8.4.0/riscv32-esp-elf/bin/../libexec/gcc/riscv32-esp-elf/8.4.0/lto-wrapper -plugin-opt=-fresolution=/tmp/ccaCpnvt.res -plugin-opt=-pass-through=-lgcc -plugin-opt=-pass-through=-lc -plugin-opt=-pass-through=-lnosys -plugin-opt=-pass-through=-lc -plugin-opt=-pass-through=-lgcc -plugin-opt=-pass-through=-lgcc -plugin-opt=-pass-through=-lc -plugin-opt=-pass-through=-lnosys -melf32lriscv -o cmTC_a98a6 -L/home/alon/.espressif/tools/riscv32-esp-elf/esp-2021r2-patch4-8.4.0/riscv32-esp-elf/bin/../lib/gcc/riscv32-esp-elf/8.4.0/rv32imc/ilp32 -L/home/alon/.espressif/tools/riscv32-esp-elf/esp-2021r2-patch4-8.4.0/riscv32-esp-elf/bin/../lib/gcc/riscv32-esp-elf/8.4.0/../../../../riscv32-esp-elf/lib/rv32imc/ilp32 -L/home/alon/.espressif/tools/riscv32-esp-elf/esp-2021r2-patch4-8.4.0/riscv32-esp-elf/bin/../lib/gcc/riscv32-esp-elf/8.4.0 -L/home/alon/.espressif/tools/riscv32-esp-elf/esp-2021r2-patch4-8.4.0/riscv32-esp-elf/bin/../lib/gcc -L/home/alon/.espressif/tools/riscv32-esp-elf/esp-2021r2-patch4-8.4.0/riscv32-esp-elf/bin/../lib/gcc/riscv32-esp-elf/8.4.0/../../../../riscv32-esp-elf/lib CMakeFiles/cmTC_a98a6.dir/CMakeCCompilerABI.c.obj -lgcc -lc -lnosys -lc -lgcc --start-group -lgcc -lc -lnosys --end-group]
    arg [/home/alon/.espressif/tools/riscv32-esp-elf/esp-2021r2-patch4-8.4.0/riscv32-esp-elf/bin/../libexec/gcc/riscv32-esp-elf/8.4.0/collect2] ==> ignore
    arg [-plugin] ==> ignore
    arg [/home/alon/.espressif/tools/riscv32-esp-elf/esp-2021r2-patch4-8.4.0/riscv32-esp-elf/bin/../libexec/gcc/riscv32-esp-elf/8.4.0/liblto_plugin.so] ==> ignore
    arg [-plugin-opt=/home/alon/.espressif/tools/riscv32-esp-elf/esp-2021r2-patch4-8.4.0/riscv32-esp-elf/bin/../libexec/gcc/riscv32-esp-elf/8.4.0/lto-wrapper] ==> ignore
    arg [-plugin-opt=-fresolution=/tmp/ccaCpnvt.res] ==> ignore
    arg [-plugin-opt=-pass-through=-lgcc] ==> ignore
    arg [-plugin-opt=-pass-through=-lc] ==> ignore
    arg [-plugin-opt=-pass-through=-lnosys] ==> ignore
    arg [-plugin-opt=-pass-through=-lc] ==> ignore
    arg [-plugin-opt=-pass-through=-lgcc] ==> ignore
    arg [-plugin-opt=-pass-through=-lgcc] ==> ignore
    arg [-plugin-opt=-pass-through=-lc] ==> ignore
    arg [-plugin-opt=-pass-through=-lnosys] ==> ignore
    arg [-melf32lriscv] ==> ignore
    arg [-o] ==> ignore
    arg [cmTC_a98a6] ==> ignore
    arg [-L/home/alon/.espressif/tools/riscv32-esp-elf/esp-2021r2-patch4-8.4.0/riscv32-esp-elf/bin/../lib/gcc/riscv32-esp-elf/8.4.0/rv32imc/ilp32] ==> dir [/home/alon/.espressif/tools/riscv32-esp-elf/esp-2021r2-patch4-8.4.0/riscv32-esp-elf/bin/../lib/gcc/riscv32-esp-elf/8.4.0/rv32imc/ilp32]
    arg [-L/home/alon/.espressif/tools/riscv32-esp-elf/esp-2021r2-patch4-8.4.0/riscv32-esp-elf/bin/../lib/gcc/riscv32-esp-elf/8.4.0/../../../../riscv32-esp-elf/lib/rv32imc/ilp32] ==> dir [/home/alon/.espressif/tools/riscv32-esp-elf/esp-2021r2-patch4-8.4.0/riscv32-esp-elf/bin/../lib/gcc/riscv32-esp-elf/8.4.0/../../../../riscv32-esp-elf/lib/rv32imc/ilp32]
    arg [-L/home/alon/.espressif/tools/riscv32-esp-elf/esp-2021r2-patch4-8.4.0/riscv32-esp-elf/bin/../lib/gcc/riscv32-esp-elf/8.4.0] ==> dir [/home/alon/.espressif/tools/riscv32-esp-elf/esp-2021r2-patch4-8.4.0/riscv32-esp-elf/bin/../lib/gcc/riscv32-esp-elf/8.4.0]
    arg [-L/home/alon/.espressif/tools/riscv32-esp-elf/esp-2021r2-patch4-8.4.0/riscv32-esp-elf/bin/../lib/gcc] ==> dir [/home/alon/.espressif/tools/riscv32-esp-elf/esp-2021r2-patch4-8.4.0/riscv32-esp-elf/bin/../lib/gcc]
    arg [-L/home/alon/.espressif/tools/riscv32-esp-elf/esp-2021r2-patch4-8.4.0/riscv32-esp-elf/bin/../lib/gcc/riscv32-esp-elf/8.4.0/../../../../riscv32-esp-elf/lib] ==> dir [/home/alon/.espressif/tools/riscv32-esp-elf/esp-2021r2-patch4-8.4.0/riscv32-esp-elf/bin/../lib/gcc/riscv32-esp-elf/8.4.0/../../../../riscv32-esp-elf/lib]
    arg [CMakeFiles/cmTC_a98a6.dir/CMakeCCompilerABI.c.obj] ==> ignore
    arg [-lgcc] ==> lib [gcc]
    arg [-lc] ==> lib [c]
    arg [-lnosys] ==> lib [nosys]
    arg [-lc] ==> lib [c]
    arg [-lgcc] ==> lib [gcc]
    arg [--start-group] ==> ignore
    arg [-lgcc] ==> lib [gcc]
    arg [-lc] ==> lib [c]
    arg [-lnosys] ==> lib [nosys]
    arg [--end-group] ==> ignore
  collapse library dir [/home/alon/.espressif/tools/riscv32-esp-elf/esp-2021r2-patch4-8.4.0/riscv32-esp-elf/bin/../lib/gcc/riscv32-esp-elf/8.4.0/rv32imc/ilp32] ==> [/home/alon/.espressif/tools/riscv32-esp-elf/esp-2021r2-patch4-8.4.0/riscv32-esp-elf/lib/gcc/riscv32-esp-elf/8.4.0/rv32imc/ilp32]
  collapse library dir [/home/alon/.espressif/tools/riscv32-esp-elf/esp-2021r2-patch4-8.4.0/riscv32-esp-elf/bin/../lib/gcc/riscv32-esp-elf/8.4.0/../../../../riscv32-esp-elf/lib/rv32imc/ilp32] ==> [/home/alon/.espressif/tools/riscv32-esp-elf/esp-2021r2-patch4-8.4.0/riscv32-esp-elf/riscv32-esp-elf/lib/rv32imc/ilp32]
  collapse library dir [/home/alon/.espressif/tools/riscv32-esp-elf/esp-2021r2-patch4-8.4.0/riscv32-esp-elf/bin/../lib/gcc/riscv32-esp-elf/8.4.0] ==> [/home/alon/.espressif/tools/riscv32-esp-elf/esp-2021r2-patch4-8.4.0/riscv32-esp-elf/lib/gcc/riscv32-esp-elf/8.4.0]
  collapse library dir [/home/alon/.espressif/tools/riscv32-esp-elf/esp-2021r2-patch4-8.4.0/riscv32-esp-elf/bin/../lib/gcc] ==> [/home/alon/.espressif/tools/riscv32-esp-elf/esp-2021r2-patch4-8.4.0/riscv32-esp-elf/lib/gcc]
  collapse library dir [/home/alon/.espressif/tools/riscv32-esp-elf/esp-2021r2-patch4-8.4.0/riscv32-esp-elf/bin/../lib/gcc/riscv32-esp-elf/8.4.0/../../../../riscv32-esp-elf/lib] ==> [/home/alon/.espressif/tools/riscv32-esp-elf/esp-2021r2-patch4-8.4.0/riscv32-esp-elf/riscv32-esp-elf/lib]
  implicit libs: [gcc;c;nosys;c;gcc;gcc;c;nosys]
  implicit objs: []
  implicit dirs: [/home/alon/.espressif/tools/riscv32-esp-elf/esp-2021r2-patch4-8.4.0/riscv32-esp-elf/lib/gcc/riscv32-esp-elf/8.4.0/rv32imc/ilp32;/home/alon/.espressif/tools/riscv32-esp-elf/esp-2021r2-patch4-8.4.0/riscv32-esp-elf/riscv32-esp-elf/lib/rv32imc/ilp32;/home/alon/.espressif/tools/riscv32-esp-elf/esp-2021r2-patch4-8.4.0/riscv32-esp-elf/lib/gcc/riscv32-esp-elf/8.4.0;/home/alon/.espressif/tools/riscv32-esp-elf/esp-2021r2-patch4-8.4.0/riscv32-esp-elf/lib/gcc;/home/alon/.espressif/tools/riscv32-esp-elf/esp-2021r2-patch4-8.4.0/riscv32-esp-elf/riscv32-esp-elf/lib]
  implicit fwks: []


Detecting CXX compiler ABI info compiled with the following output:
Change Dir: /home/alon/github/awtrix/build/bootloader/CMakeFiles/CMakeTmp

Run Build Command(s):/usr/bin/gmake -f Makefile cmTC_cdb3b/fast && gmake[3]: Entering directory '/home/alon/github/awtrix/build/bootloader/CMakeFiles/CMakeTmp'
/usr/bin/gmake  -f CMakeFiles/cmTC_cdb3b.dir/build.make CMakeFiles/cmTC_cdb3b.dir/build
gmake[4]: Entering directory '/home/alon/github/awtrix/build/bootloader/CMakeFiles/CMakeTmp'
Building CXX object CMakeFiles/cmTC_cdb3b.dir/CMakeCXXCompilerABI.cpp.obj
/home/alon/.espressif/tools/riscv32-esp-elf/esp-2021r2-patch4-8.4.0/riscv32-esp-elf/bin/riscv32-esp-elf-g++   -march=rv32imc     -v -o CMakeFiles/cmTC_cdb3b.dir/CMakeCXXCompilerABI.cpp.obj -c /usr/share/cmake-3.22/Modules/CMakeCXXCompilerABI.cpp
Using built-in specs.
COLLECT_GCC=/home/alon/.espressif/tools/riscv32-esp-elf/esp-2021r2-patch4-8.4.0/riscv32-esp-elf/bin/riscv32-esp-elf-g++
Target: riscv32-esp-elf
Configured with: /builds/idf/crosstool-NG/.build/riscv32-esp-elf/src/gcc/configure --build=x86_64-build_pc-linux-gnu --host=x86_64-build_pc-linux-gnu --target=riscv32-esp-elf --prefix=/builds/idf/crosstool-NG/builds/riscv32-esp-elf --exec_prefix=/builds/idf/crosstool-NG/builds/riscv32-esp-elf --with-local-prefix=/builds/idf/crosstool-NG/builds/riscv32-esp-elf/riscv32-esp-elf --with-headers=/builds/idf/crosstool-NG/builds/riscv32-esp-elf/riscv32-esp-elf/include --with-newlib --enable-threads=no --disable-shared --with-arch=rv32gc --with-abi=ilp32 --with-pkgversion='crosstool-NG esp-2021r2-patch4' --disable-__cxa_atexit --enable-cxx-flags=-ffunction-sections --disable-libgomp --disable-libmudflap --disable-libmpx --disable-libssp --disable-libquadmath --disable-libquadmath-support --disable-libstdcxx-verbose --with-gmp=/builds/idf/crosstool-NG/.build/riscv32-esp-elf/buildtools --with-mpfr=/builds/idf/crosstool-NG/.build/riscv32-esp-elf/buildtools --with-mpc=/builds/idf/crosstool-NG/.build/riscv32-esp-elf/buildtools --with-isl=/builds/idf/crosstool-NG/.build/riscv32-esp-elf/buildtools --enable-lto --enable-target-optspace --without-long-double-128 --disable-nls --enable-multiarch --enable-languages=c,c++ --disable-libstdcxx-verbose --enable-threads=posix --enable-gcov-custom-rtio --enable-libstdcxx-time=yes
Thread model: posix
gcc version 8.4.0 (crosstool-NG esp-2021r2-patch4) 
COLLECT_GCC_OPTIONS='-march=rv32imc' '-v' '-o' 'CMakeFiles/cmTC_cdb3b.dir/CMakeCXXCompilerABI.cpp.obj' '-c' '-mabi=ilp32'
 /home/alon/.espressif/tools/riscv32-esp-elf/esp-2021r2-patch4-8.4.0/riscv32-esp-elf/bin/../libexec/gcc/riscv32-esp-elf/8.4.0/cc1plus -quiet -v -imultilib rv32imc/ilp32 -iprefix /home/alon/.espressif/tools/riscv32-esp-elf/esp-2021r2-patch4-8.4.0/riscv32-esp-elf/bin/../lib/gcc/riscv32-esp-elf/8.4.0/ /usr/share/cmake-3.22/Modules/CMakeCXXCompilerABI.cpp -quiet -dumpbase CMakeCXXCompilerABI.cpp -march=rv32imc -mabi=ilp32 -auxbase-strip CMakeFiles/cmTC_cdb3b.dir/CMakeCXXCompilerABI.cpp.obj -version -o /tmp/ccPbjxjC.s
GNU C++14 (crosstool-NG esp-2021r2-patch4) version 8.4.0 (riscv32-esp-elf)
	compiled by GNU C version 4.9.2, GMP version 6.2.1, MPFR version 4.1.0, MPC version 1.2.1, isl version isl-0.19-GMP

GGC heuristics: --param ggc-min-expand=100 --param ggc-min-heapsize=131072
ignoring duplicate directory "/home/alon/.espressif/tools/riscv32-esp-elf/esp-2021r2-patch4-8.4.0/riscv32-esp-elf/bin/../lib/gcc/../../lib/gcc/riscv32-esp-elf/8.4.0/../../../../riscv32-esp-elf/include/c++/8.4.0"
ignoring duplicate directory "/home/alon/.espressif/tools/riscv32-esp-elf/esp-2021r2-patch4-8.4.0/riscv32-esp-elf/bin/../lib/gcc/../../lib/gcc/riscv32-esp-elf/8.4.0/../../../../riscv32-esp-elf/include/c++/8.4.0/riscv32-esp-elf/rv32imc/ilp32"
ignoring duplicate directory "/home/alon/.espressif/tools/riscv32-esp-elf/esp-2021r2-patch4-8.4.0/riscv32-esp-elf/bin/../lib/gcc/../../lib/gcc/riscv32-esp-elf/8.4.0/../../../../riscv32-esp-elf/include/c++/8.4.0/backward"
ignoring duplicate directory "/home/alon/.espressif/tools/riscv32-esp-elf/esp-2021r2-patch4-8.4.0/riscv32-esp-elf/bin/../lib/gcc/../../lib/gcc/riscv32-esp-elf/8.4.0/include"
ignoring duplicate directory "/home/alon/.espressif/tools/riscv32-esp-elf/esp-2021r2-patch4-8.4.0/riscv32-esp-elf/bin/../lib/gcc/../../lib/gcc/riscv32-esp-elf/8.4.0/include-fixed"
ignoring duplicate directory "/home/alon/.espressif/tools/riscv32-esp-elf/esp-2021r2-patch4-8.4.0/riscv32-esp-elf/bin/../lib/gcc/../../lib/gcc/riscv32-esp-elf/8.4.0/../../../../riscv32-esp-elf/sys-include"
ignoring duplicate directory "/home/alon/.espressif/tools/riscv32-esp-elf/esp-2021r2-patch4-8.4.0/riscv32-esp-elf/bin/../lib/gcc/../../lib/gcc/riscv32-esp-elf/8.4.0/../../../../riscv32-esp-elf/include"
#include "..." search starts here:
#include <...> search starts here:
 /home/alon/.espressif/tools/riscv32-esp-elf/esp-2021r2-patch4-8.4.0/riscv32-esp-elf/bin/../lib/gcc/riscv32-esp-elf/8.4.0/../../../../riscv32-esp-elf/include/c++/8.4.0
 /home/alon/.espressif/tools/riscv32-esp-elf/esp-2021r2-patch4-8.4.0/riscv32-esp-elf/bin/../lib/gcc/riscv32-esp-elf/8.4.0/../../../../riscv32-esp-elf/include/c++/8.4.0/riscv32-esp-elf/rv32imc/ilp32
 /home/alon/.espressif/tools/riscv32-esp-elf/esp-2021r2-patch4-8.4.0/riscv32-esp-elf/bin/../lib/gcc/riscv32-esp-elf/8.4.0/../../../../riscv32-esp-elf/include/c++/8.4.0/backward
 /home/alon/.espressif/tools/riscv32-esp-elf/esp-2021r2-patch4-8.4.0/riscv32-esp-elf/bin/../lib/gcc/riscv32-esp-elf/8.4.0/include
 /home/alon/.espressif/tools/riscv32-esp-elf/esp-2021r2-patch4-8.4.0/riscv32-esp-elf/bin/../lib/gcc/riscv32-esp-elf/8.4.0/include-fixed
 /home/alon/.espressif/tools/riscv32-esp-elf/esp-2021r2-patch4-8.4.0/riscv32-esp-elf/bin/../lib/gcc/riscv32-esp-elf/8.4.0/../../../../riscv32-esp-elf/sys-include
 /home/alon/.espressif/tools/riscv32-esp-elf/esp-2021r2-patch4-8.4.0/riscv32-esp-elf/bin/../lib/gcc/riscv32-esp-elf/8.4.0/../../../../riscv32-esp-elf/include
End of search list.
GNU C++14 (crosstool-NG esp-2021r2-patch4) version 8.4.0 (riscv32-esp-elf)
	compiled by GNU C version 4.9.2, GMP version 6.2.1, MPFR version 4.1.0, MPC version 1.2.1, isl version isl-0.19-GMP

GGC heuristics: --param ggc-min-expand=100 --param ggc-min-heapsize=131072
Compiler executable checksum: 2dd895b056037610856e4b00e8c3a2eb
COLLECT_GCC_OPTIONS='-march=rv32imc' '-v' '-o' 'CMakeFiles/cmTC_cdb3b.dir/CMakeCXXCompilerABI.cpp.obj' '-c' '-mabi=ilp32'
 /home/alon/.espressif/tools/riscv32-esp-elf/esp-2021r2-patch4-8.4.0/riscv32-esp-elf/bin/../lib/gcc/riscv32-esp-elf/8.4.0/../../../../riscv32-esp-elf/bin/as -v --traditional-format -march=rv32imc -mabi=ilp32 -o CMakeFiles/cmTC_cdb3b.dir/CMakeCXXCompilerABI.cpp.obj /tmp/ccPbjxjC.s
GNU assembler version 2.35.1 (riscv32-esp-elf) using BFD version (crosstool-NG esp-2021r2-patch4) 2.35.1.20201223
COMPILER_PATH=/home/alon/.espressif/tools/riscv32-esp-elf/esp-2021r2-patch4-8.4.0/riscv32-esp-elf/bin/../libexec/gcc/riscv32-esp-elf/8.4.0/:/home/alon/.espressif/tools/riscv32-esp-elf/esp-2021r2-patch4-8.4.0/riscv32-esp-elf/bin/../libexec/gcc/:/home/alon/.espressif/tools/riscv32-esp-elf/esp-2021r2-patch4-8.4.0/riscv32-esp-elf/bin/../lib/gcc/riscv32-esp-elf/8.4.0/../../../../riscv32-esp-elf/bin/
LIBRARY_PATH=/home/alon/.espressif/tools/riscv32-esp-elf/esp-2021r2-patch4-8.4.0/riscv32-esp-elf/bin/../lib/gcc/riscv32-esp-elf/8.4.0/rv32imc/ilp32/:/home/alon/.espressif/tools/riscv32-esp-elf/esp-2021r2-patch4-8.4.0/riscv32-esp-elf/bin/../lib/gcc/riscv32-esp-elf/8.4.0/../../../../riscv32-esp-elf/lib/rv32imc/ilp32/:/home/alon/.espressif/tools/riscv32-esp-elf/esp-2021r2-patch4-8.4.0/riscv32-esp-elf/bin/../lib/gcc/riscv32-esp-elf/8.4.0/:/home/alon/.espressif/tools/riscv32-esp-elf/esp-2021r2-patch4-8.4.0/riscv32-esp-elf/bin/../lib/gcc/:/home/alon/.espressif/tools/riscv32-esp-elf/esp-2021r2-patch4-8.4.0/riscv32-esp-elf/bin/../lib/gcc/riscv32-esp-elf/8.4.0/../../../../riscv32-esp-elf/lib/:/lib/:/usr/lib/
COLLECT_GCC_OPTIONS='-march=rv32imc' '-v' '-o' 'CMakeFiles/cmTC_cdb3b.dir/CMakeCXXCompilerABI.cpp.obj' '-c' '-mabi=ilp32'
Linking CXX executable cmTC_cdb3b
/usr/bin/cmake -E cmake_link_script CMakeFiles/cmTC_cdb3b.dir/link.txt --verbose=1
/home/alon/.espressif/tools/riscv32-esp-elf/esp-2021r2-patch4-8.4.0/riscv32-esp-elf/bin/riscv32-esp-elf-g++ -march=rv32imc   -nostartfiles -march=rv32imc --specs=nosys.specs  -v CMakeFiles/cmTC_cdb3b.dir/CMakeCXXCompilerABI.cpp.obj -o cmTC_cdb3b 
Using built-in specs.
Reading specs from /home/alon/.espressif/tools/riscv32-esp-elf/esp-2021r2-patch4-8.4.0/riscv32-esp-elf/bin/../lib/gcc/riscv32-esp-elf/8.4.0/../../../../riscv32-esp-elf/lib/nosys.specs
rename spec link_gcc_c_sequence to nosys_link_gcc_c_sequence
COLLECT_GCC=/home/alon/.espressif/tools/riscv32-esp-elf/esp-2021r2-patch4-8.4.0/riscv32-esp-elf/bin/riscv32-esp-elf-g++
COLLECT_LTO_WRAPPER=/home/alon/.espressif/tools/riscv32-esp-elf/esp-2021r2-patch4-8.4.0/riscv32-esp-elf/bin/../libexec/gcc/riscv32-esp-elf/8.4.0/lto-wrapper
Target: riscv32-esp-elf
Configured with: /builds/idf/crosstool-NG/.build/riscv32-esp-elf/src/gcc/configure --build=x86_64-build_pc-linux-gnu --host=x86_64-build_pc-linux-gnu --target=riscv32-esp-elf --prefix=/builds/idf/crosstool-NG/builds/riscv32-esp-elf --exec_prefix=/builds/idf/crosstool-NG/builds/riscv32-esp-elf --with-local-prefix=/builds/idf/crosstool-NG/builds/riscv32-esp-elf/riscv32-esp-elf --with-headers=/builds/idf/crosstool-NG/builds/riscv32-esp-elf/riscv32-esp-elf/include --with-newlib --enable-threads=no --disable-shared --with-arch=rv32gc --with-abi=ilp32 --with-pkgversion='crosstool-NG esp-2021r2-patch4' --disable-__cxa_atexit --enable-cxx-flags=-ffunction-sections --disable-libgomp --disable-libmudflap --disable-libmpx --disable-libssp --disable-libquadmath --disable-libquadmath-support --disable-libstdcxx-verbose --with-gmp=/builds/idf/crosstool-NG/.build/riscv32-esp-elf/buildtools --with-mpfr=/builds/idf/crosstool-NG/.build/riscv32-esp-elf/buildtools --with-mpc=/builds/idf/crosstool-NG/.build/riscv32-esp-elf/buildtools --with-isl=/builds/idf/crosstool-NG/.build/riscv32-esp-elf/buildtools --enable-lto --enable-target-optspace --without-long-double-128 --disable-nls --enable-multiarch --enable-languages=c,c++ --disable-libstdcxx-verbose --enable-threads=posix --enable-gcov-custom-rtio --enable-libstdcxx-time=yes
Thread model: posix
gcc version 8.4.0 (crosstool-NG esp-2021r2-patch4) 
COMPILER_PATH=/home/alon/.espressif/tools/riscv32-esp-elf/esp-2021r2-patch4-8.4.0/riscv32-esp-elf/bin/../libexec/gcc/riscv32-esp-elf/8.4.0/:/home/alon/.espressif/tools/riscv32-esp-elf/esp-2021r2-patch4-8.4.0/riscv32-esp-elf/bin/../libexec/gcc/:/home/alon/.espressif/tools/riscv32-esp-elf/esp-2021r2-patch4-8.4.0/riscv32-esp-elf/bin/../lib/gcc/riscv32-esp-elf/8.4.0/../../../../riscv32-esp-elf/bin/
LIBRARY_PATH=/home/alon/.espressif/tools/riscv32-esp-elf/esp-2021r2-patch4-8.4.0/riscv32-esp-elf/bin/../lib/gcc/riscv32-esp-elf/8.4.0/rv32imc/ilp32/:/home/alon/.espressif/tools/riscv32-esp-elf/esp-2021r2-patch4-8.4.0/riscv32-esp-elf/bin/../lib/gcc/riscv32-esp-elf/8.4.0/../../../../riscv32-esp-elf/lib/rv32imc/ilp32/:/home/alon/.espressif/tools/riscv32-esp-elf/esp-2021r2-patch4-8.4.0/riscv32-esp-elf/bin/../lib/gcc/riscv32-esp-elf/8.4.0/:/home/alon/.espressif/tools/riscv32-esp-elf/esp-2021r2-patch4-8.4.0/riscv32-esp-elf/bin/../lib/gcc/:/home/alon/.espressif/tools/riscv32-esp-elf/esp-2021r2-patch4-8.4.0/riscv32-esp-elf/bin/../lib/gcc/riscv32-esp-elf/8.4.0/../../../../riscv32-esp-elf/lib/:/lib/:/usr/lib/
COLLECT_GCC_OPTIONS='-march=rv32imc' '-nostartfiles' '-march=rv32imc' '-specs=nosys.specs' '-v' '-o' 'cmTC_cdb3b' '-mabi=ilp32'
 /home/alon/.espressif/tools/riscv32-esp-elf/esp-2021r2-patch4-8.4.0/riscv32-esp-elf/bin/../libexec/gcc/riscv32-esp-elf/8.4.0/collect2 -plugin /home/alon/.espressif/tools/riscv32-esp-elf/esp-2021r2-patch4-8.4.0/riscv32-esp-elf/bin/../libexec/gcc/riscv32-esp-elf/8.4.0/liblto_plugin.so -plugin-opt=/home/alon/.espressif/tools/riscv32-esp-elf/esp-2021r2-patch4-8.4.0/riscv32-esp-elf/bin/../libexec/gcc/riscv32-esp-elf/8.4.0/lto-wrapper -plugin-opt=-fresolution=/tmp/ccfcuz4a.res -plugin-opt=-pass-through=-lgcc -plugin-opt=-pass-through=-lc -plugin-opt=-pass-through=-lnosys -plugin-opt=-pass-through=-lc -plugin-opt=-pass-through=-lgcc -plugin-opt=-pass-through=-lgcc -plugin-opt=-pass-through=-lc -plugin-opt=-pass-through=-lnosys -melf32lriscv -o cmTC_cdb3b -L/home/alon/.espressif/tools/riscv32-esp-elf/esp-2021r2-patch4-8.4.0/riscv32-esp-elf/bin/../lib/gcc/riscv32-esp-elf/8.4.0/rv32imc/ilp32 -L/home/alon/.espressif/tools/riscv32-esp-elf/esp-2021r2-patch4-8.4.0/riscv32-esp-elf/bin/../lib/gcc/riscv32-esp-elf/8.4.0/../../../../riscv32-esp-elf/lib/rv32imc/ilp32 -L/home/alon/.espressif/tools/riscv32-esp-elf/esp-2021r2-patch4-8.4.0/riscv32-esp-elf/bin/../lib/gcc/riscv32-esp-elf/8.4.0 -L/home/alon/.espressif/tools/riscv32-esp-elf/esp-2021r2-patch4-8.4.0/riscv32-esp-elf/bin/../lib/gcc -L/home/alon/.espressif/tools/riscv32-esp-elf/esp-2021r2-patch4-8.4.0/riscv32-esp-elf/bin/../lib/gcc/riscv32-esp-elf/8.4.0/../../../../riscv32-esp-elf/lib CMakeFiles/cmTC_cdb3b.dir/CMakeCXXCompilerABI.cpp.obj -lstdc++ -lm -lgcc -lc -lnosys -lc -lgcc --start-group -lgcc -lc -lnosys --end-group
/home/alon/.espressif/tools/riscv32-esp-elf/esp-2021r2-patch4-8.4.0/riscv32-esp-elf/bin/../lib/gcc/riscv32-esp-elf/8.4.0/../../../../riscv32-esp-elf/bin/ld: warning: cannot find entry symbol _start; defaulting to 0000000000010054
COLLECT_GCC_OPTIONS='-march=rv32imc' '-nostartfiles' '-march=rv32imc' '-specs=nosys.specs' '-v' '-o' 'cmTC_cdb3b' '-mabi=ilp32'
gmake[4]: Leaving directory '/home/alon/github/awtrix/build/bootloader/CMakeFiles/CMakeTmp'
gmake[3]: Leaving directory '/home/alon/github/awtrix/build/bootloader/CMakeFiles/CMakeTmp'



Parsed CXX implicit include dir info from above output: rv=done
  found start of include info
  found start of implicit include info
    add: [/home/alon/.espressif/tools/riscv32-esp-elf/esp-2021r2-patch4-8.4.0/riscv32-esp-elf/bin/../lib/gcc/riscv32-esp-elf/8.4.0/../../../../riscv32-esp-elf/include/c++/8.4.0]
    add: [/home/alon/.espressif/tools/riscv32-esp-elf/esp-2021r2-patch4-8.4.0/riscv32-esp-elf/bin/../lib/gcc/riscv32-esp-elf/8.4.0/../../../../riscv32-esp-elf/include/c++/8.4.0/riscv32-esp-elf/rv32imc/ilp32]
    add: [/home/alon/.espressif/tools/riscv32-esp-elf/esp-2021r2-patch4-8.4.0/riscv32-esp-elf/bin/../lib/gcc/riscv32-esp-elf/8.4.0/../../../../riscv32-esp-elf/include/c++/8.4.0/backward]
    add: [/home/alon/.espressif/tools/riscv32-esp-elf/esp-2021r2-patch4-8.4.0/riscv32-esp-elf/bin/../lib/gcc/riscv32-esp-elf/8.4.0/include]
    add: [/home/alon/.espressif/tools/riscv32-esp-elf/esp-2021r2-patch4-8.4.0/riscv32-esp-elf/bin/../lib/gcc/riscv32-esp-elf/8.4.0/include-fixed]
    add: [/home/alon/.espressif/tools/riscv32-esp-elf/esp-2021r2-patch4-8.4.0/riscv32-esp-elf/bin/../lib/gcc/riscv32-esp-elf/8.4.0/../../../../riscv32-esp-elf/sys-include]
    add: [/home/alon/.espressif/tools/riscv32-esp-elf/esp-2021r2-patch4-8.4.0/riscv32-esp-elf/bin/../lib/gcc/riscv32-esp-elf/8.4.0/../../../../riscv32-esp-elf/include]
  end of search list found
  collapse include dir [/home/alon/.espressif/tools/riscv32-esp-elf/esp-2021r2-patch4-8.4.0/riscv32-esp-elf/bin/../lib/gcc/riscv32-esp-elf/8.4.0/../../../../riscv32-esp-elf/include/c++/8.4.0] ==> [/home/alon/.espressif/tools/riscv32-esp-elf/esp-2021r2-patch4-8.4.0/riscv32-esp-elf/riscv32-esp-elf/include/c++/8.4.0]
  collapse include dir [/home/alon/.espressif/tools/riscv32-esp-elf/esp-2021r2-patch4-8.4.0/riscv32-esp-elf/bin/../lib/gcc/riscv32-esp-elf/8.4.0/../../../../riscv32-esp-elf/include/c++/8.4.0/riscv32-esp-elf/rv32imc/ilp32] ==> [/home/alon/.espressif/tools/riscv32-esp-elf/esp-2021r2-patch4-8.4.0/riscv32-esp-elf/riscv32-esp-elf/include/c++/8.4.0/riscv32-esp-elf/rv32imc/ilp32]
  collapse include dir [/home/alon/.espressif/tools/riscv32-esp-elf/esp-2021r2-patch4-8.4.0/riscv32-esp-elf/bin/../lib/gcc/riscv32-esp-elf/8.4.0/../../../../riscv32-esp-elf/include/c++/8.4.0/backward] ==> [/home/alon/.espressif/tools/riscv32-esp-elf/esp-2021r2-patch4-8.4.0/riscv32-esp-elf/riscv32-esp-elf/include/c++/8.4.0/backward]
  collapse include dir [/home/alon/.espressif/tools/riscv32-esp-elf/esp-2021r2-patch4-8.4.0/riscv32-esp-elf/bin/../lib/gcc/riscv32-esp-elf/8.4.0/include] ==> [/home/alon/.espressif/tools/riscv32-esp-elf/esp-2021r2-patch4-8.4.0/riscv32-esp-elf/lib/gcc/riscv32-esp-elf/8.4.0/include]
  collapse include dir [/home/alon/.espressif/tools/riscv32-esp-elf/esp-2021r2-patch4-8.4.0/riscv32-esp-elf/bin/../lib/gcc/riscv32-esp-elf/8.4.0/include-fixed] ==> [/home/alon/.espressif/tools/riscv32-esp-elf/esp-2021r2-patch4-8.4.0/riscv32-esp-elf/lib/gcc/riscv32-esp-elf/8.4.0/include-fixed]
  collapse include dir [/home/alon/.espressif/tools/riscv32-esp-elf/esp-2021r2-patch4-8.4.0/riscv32-esp-elf/bin/../lib/gcc/riscv32-esp-elf/8.4.0/../../../../riscv32-esp-elf/sys-include] ==> [/home/alon/.espressif/tools/riscv32-esp-elf/esp-2021r2-patch4-8.4.0/riscv32-esp-elf/riscv32-esp-elf/sys-include]
  collapse include dir [/home/alon/.espressif/tools/riscv32-esp-elf/esp-2021r2-patch4-8.4.0/riscv32-esp-elf/bin/../lib/gcc/riscv32-esp-elf/8.4.0/../../../../riscv32-esp-elf/include] ==> [/home/alon/.espressif/tools/riscv32-esp-elf/esp-2021r2-patch4-8.4.0/riscv32-esp-elf/riscv32-esp-elf/include]
  implicit include dirs: [/home/alon/.espressif/tools/riscv32-esp-elf/esp-2021r2-patch4-8.4.0/riscv32-esp-elf/riscv32-esp-elf/include/c++/8.4.0;/home/alon/.espressif/tools/riscv32-esp-elf/esp-2021r2-patch4-8.4.0/riscv32-esp-elf/riscv32-esp-elf/include/c++/8.4.0/riscv32-esp-elf/rv32imc/ilp32;/home/alon/.espressif/tools/riscv32-esp-elf/esp-2021r2-patch4-8.4.0/riscv32-esp-elf/riscv32-esp-elf/include/c++/8.4.0/backward;/home/alon/.espressif/tools/riscv32-esp-elf/esp-2021r2-patch4-8.4.0/riscv32-esp-elf/lib/gcc/riscv32-esp-elf/8.4.0/include;/home/alon/.espressif/tools/riscv32-esp-elf/esp-2021r2-patch4-8.4.0/riscv32-esp-elf/lib/gcc/riscv32-esp-elf/8.4.0/include-fixed;/home/alon/.espressif/tools/riscv32-esp-elf/esp-2021r2-patch4-8.4.0/riscv32-esp-elf/riscv32-esp-elf/sys-include;/home/alon/.espressif/tools/riscv32-esp-elf/esp-2021r2-patch4-8.4.0/riscv32-esp-elf/riscv32-esp-elf/include]


Parsed CXX implicit link information from above output:
  link line regex: [^( *|.*[/\])(riscv32-esp-elf-ld|CMAKE_LINK_STARTFILE-NOTFOUND|([^/\]+-)?ld|collect2)[^/\]*( |$)]
  ignore line: [Change Dir: /home/alon/github/awtrix/build/bootloader/CMakeFiles/CMakeTmp]
  ignore line: []
  ignore line: [Run Build Command(s):/usr/bin/gmake -f Makefile cmTC_cdb3b/fast && gmake[3]: Entering directory '/home/alon/github/awtrix/build/bootloader/CMakeFiles/CMakeTmp']
  ignore line: [/usr/bin/gmake  -f CMakeFiles/cmTC_cdb3b.dir/build.make CMakeFiles/cmTC_cdb3b.dir/build]
  ignore line: [gmake[4]: Entering directory '/home/alon/github/awtrix/build/bootloader/CMakeFiles/CMakeTmp']
  ignore line: [Building CXX object CMakeFiles/cmTC_cdb3b.dir/CMakeCXXCompilerABI.cpp.obj]
  ignore line: [/home/alon/.espressif/tools/riscv32-esp-elf/esp-2021r2-patch4-8.4.0/riscv32-esp-elf/bin/riscv32-esp-elf-g++   -march=rv32imc     -v -o CMakeFiles/cmTC_cdb3b.dir/CMakeCXXCompilerABI.cpp.obj -c /usr/share/cmake-3.22/Modules/CMakeCXXCompilerABI.cpp]
  ignore line: [Using built-in specs.]
  ignore line: [COLLECT_GCC=/home/alon/.espressif/tools/riscv32-esp-elf/esp-2021r2-patch4-8.4.0/riscv32-esp-elf/bin/riscv32-esp-elf-g++]
  ignore line: [Target: riscv32-esp-elf]
  ignore line: [Configured with: /builds/idf/crosstool-NG/.build/riscv32-esp-elf/src/gcc/configure --build=x86_64-build_pc-linux-gnu --host=x86_64-build_pc-linux-gnu --target=riscv32-esp-elf --prefix=/builds/idf/crosstool-NG/builds/riscv32-esp-elf --exec_prefix=/builds/idf/crosstool-NG/builds/riscv32-esp-elf --with-local-prefix=/builds/idf/crosstool-NG/builds/riscv32-esp-elf/riscv32-esp-elf --with-headers=/builds/idf/crosstool-NG/builds/riscv32-esp-elf/riscv32-esp-elf/include --with-newlib --enable-threads=no --disable-shared --with-arch=rv32gc --with-abi=ilp32 --with-pkgversion='crosstool-NG esp-2021r2-patch4' --disable-__cxa_atexit --enable-cxx-flags=-ffunction-sections --disable-libgomp --disable-libmudflap --disable-libmpx --disable-libssp --disable-libquadmath --disable-libquadmath-support --disable-libstdcxx-verbose --with-gmp=/builds/idf/crosstool-NG/.build/riscv32-esp-elf/buildtools --with-mpfr=/builds/idf/crosstool-NG/.build/riscv32-esp-elf/buildtools --with-mpc=/builds/idf/crosstool-NG/.build/riscv32-esp-elf/buildtools --with-isl=/builds/idf/crosstool-NG/.build/riscv32-esp-elf/buildtools --enable-lto --enable-target-optspace --without-long-double-128 --disable-nls --enable-multiarch --enable-languages=c c++ --disable-libstdcxx-verbose --enable-threads=posix --enable-gcov-custom-rtio --enable-libstdcxx-time=yes]
  ignore line: [Thread model: posix]
  ignore line: [gcc version 8.4.0 (crosstool-NG esp-2021r2-patch4) ]
  ignore line: [COLLECT_GCC_OPTIONS='-march=rv32imc' '-v' '-o' 'CMakeFiles/cmTC_cdb3b.dir/CMakeCXXCompilerABI.cpp.obj' '-c' '-mabi=ilp32']
  ignore line: [ /home/alon/.espressif/tools/riscv32-esp-elf/esp-2021r2-patch4-8.4.0/riscv32-esp-elf/bin/../libexec/gcc/riscv32-esp-elf/8.4.0/cc1plus -quiet -v -imultilib rv32imc/ilp32 -iprefix /home/alon/.espressif/tools/riscv32-esp-elf/esp-2021r2-patch4-8.4.0/riscv32-esp-elf/bin/../lib/gcc/riscv32-esp-elf/8.4.0/ /usr/share/cmake-3.22/Modules/CMakeCXXCompilerABI.cpp -quiet -dumpbase CMakeCXXCompilerABI.cpp -march=rv32imc -mabi=ilp32 -auxbase-strip CMakeFiles/cmTC_cdb3b.dir/CMakeCXXCompilerABI.cpp.obj -version -o /tmp/ccPbjxjC.s]
  ignore line: [GNU C++14 (crosstool-NG esp-2021r2-patch4) version 8.4.0 (riscv32-esp-elf)]
  ignore line: [	compiled by GNU C version 4.9.2  GMP version 6.2.1  MPFR version 4.1.0  MPC version 1.2.1  isl version isl-0.19-GMP]
  ignore line: []
  ignore line: [GGC heuristics: --param ggc-min-expand=100 --param ggc-min-heapsize=131072]
  ignore line: [ignoring duplicate directory "/home/alon/.espressif/tools/riscv32-esp-elf/esp-2021r2-patch4-8.4.0/riscv32-esp-elf/bin/../lib/gcc/../../lib/gcc/riscv32-esp-elf/8.4.0/../../../../riscv32-esp-elf/include/c++/8.4.0"]
  ignore line: [ignoring duplicate directory "/home/alon/.espressif/tools/riscv32-esp-elf/esp-2021r2-patch4-8.4.0/riscv32-esp-elf/bin/../lib/gcc/../../lib/gcc/riscv32-esp-elf/8.4.0/../../../../riscv32-esp-elf/include/c++/8.4.0/riscv32-esp-elf/rv32imc/ilp32"]
  ignore line: [ignoring duplicate directory "/home/alon/.espressif/tools/riscv32-esp-elf/esp-2021r2-patch4-8.4.0/riscv32-esp-elf/bin/../lib/gcc/../../lib/gcc/riscv32-esp-elf/8.4.0/../../../../riscv32-esp-elf/include/c++/8.4.0/backward"]
  ignore line: [ignoring duplicate directory "/home/alon/.espressif/tools/riscv32-esp-elf/esp-2021r2-patch4-8.4.0/riscv32-esp-elf/bin/../lib/gcc/../../lib/gcc/riscv32-esp-elf/8.4.0/include"]
  ignore line: [ignoring duplicate directory "/home/alon/.espressif/tools/riscv32-esp-elf/esp-2021r2-patch4-8.4.0/riscv32-esp-elf/bin/../lib/gcc/../../lib/gcc/riscv32-esp-elf/8.4.0/include-fixed"]
  ignore line: [ignoring duplicate directory "/home/alon/.espressif/tools/riscv32-esp-elf/esp-2021r2-patch4-8.4.0/riscv32-esp-elf/bin/../lib/gcc/../../lib/gcc/riscv32-esp-elf/8.4.0/../../../../riscv32-esp-elf/sys-include"]
  ignore line: [ignoring duplicate directory "/home/alon/.espressif/tools/riscv32-esp-elf/esp-2021r2-patch4-8.4.0/riscv32-esp-elf/bin/../lib/gcc/../../lib/gcc/riscv32-esp-elf/8.4.0/../../../../riscv32-esp-elf/include"]
  ignore line: [#include "..." search starts here:]
  ignore line: [#include <...> search starts here:]
  ignore line: [ /home/alon/.espressif/tools/riscv32-esp-elf/esp-2021r2-patch4-8.4.0/riscv32-esp-elf/bin/../lib/gcc/riscv32-esp-elf/8.4.0/../../../../riscv32-esp-elf/include/c++/8.4.0]
  ignore line: [ /home/alon/.espressif/tools/riscv32-esp-elf/esp-2021r2-patch4-8.4.0/riscv32-esp-elf/bin/../lib/gcc/riscv32-esp-elf/8.4.0/../../../../riscv32-esp-elf/include/c++/8.4.0/riscv32-esp-elf/rv32imc/ilp32]
  ignore line: [ /home/alon/.espressif/tools/riscv32-esp-elf/esp-2021r2-patch4-8.4.0/riscv32-esp-elf/bin/../lib/gcc/riscv32-esp-elf/8.4.0/../../../../riscv32-esp-elf/include/c++/8.4.0/backward]
  ignore line: [ /home/alon/.espressif/tools/riscv32-esp-elf/esp-2021r2-patch4-8.4.0/riscv32-esp-elf/bin/../lib/gcc/riscv32-esp-elf/8.4.0/include]
  ignore line: [ /home/alon/.espressif/tools/riscv32-esp-elf/esp-2021r2-patch4-8.4.0/riscv32-esp-elf/bin/../lib/gcc/riscv32-esp-elf/8.4.0/include-fixed]
  ignore line: [ /home/alon/.espressif/tools/riscv32-esp-elf/esp-2021r2-patch4-8.4.0/riscv32-esp-elf/bin/../lib/gcc/riscv32-esp-elf/8.4.0/../../../../riscv32-esp-elf/sys-include]
  ignore line: [ /home/alon/.espressif/tools/riscv32-esp-elf/esp-2021r2-patch4-8.4.0/riscv32-esp-elf/bin/../lib/gcc/riscv32-esp-elf/8.4.0/../../../../riscv32-esp-elf/include]
  ignore line: [End of search list.]
  ignore line: [GNU C++14 (crosstool-NG esp-2021r2-patch4) version 8.4.0 (riscv32-esp-elf)]
  ignore line: [	compiled by GNU C version 4.9.2  GMP version 6.2.1  MPFR version 4.1.0  MPC version 1.2.1  isl version isl-0.19-GMP]
  ignore line: []
  ignore line: [GGC heuristics: --param ggc-min-expand=100 --param ggc-min-heapsize=131072]
  ignore line: [Compiler executable checksum: 2dd895b056037610856e4b00e8c3a2eb]
  ignore line: [COLLECT_GCC_OPTIONS='-march=rv32imc' '-v' '-o' 'CMakeFiles/cmTC_cdb3b.dir/CMakeCXXCompilerABI.cpp.obj' '-c' '-mabi=ilp32']
  ignore line: [ /home/alon/.espressif/tools/riscv32-esp-elf/esp-2021r2-patch4-8.4.0/riscv32-esp-elf/bin/../lib/gcc/riscv32-esp-elf/8.4.0/../../../../riscv32-esp-elf/bin/as -v --traditional-format -march=rv32imc -mabi=ilp32 -o CMakeFiles/cmTC_cdb3b.dir/CMakeCXXCompilerABI.cpp.obj /tmp/ccPbjxjC.s]
  ignore line: [GNU assembler version 2.35.1 (riscv32-esp-elf) using BFD version (crosstool-NG esp-2021r2-patch4) 2.35.1.20201223]
  ignore line: [COMPILER_PATH=/home/alon/.espressif/tools/riscv32-esp-elf/esp-2021r2-patch4-8.4.0/riscv32-esp-elf/bin/../libexec/gcc/riscv32-esp-elf/8.4.0/:/home/alon/.espressif/tools/riscv32-esp-elf/esp-2021r2-patch4-8.4.0/riscv32-esp-elf/bin/../libexec/gcc/:/home/alon/.espressif/tools/riscv32-esp-elf/esp-2021r2-patch4-8.4.0/riscv32-esp-elf/bin/../lib/gcc/riscv32-esp-elf/8.4.0/../../../../riscv32-esp-elf/bin/]
  ignore line: [LIBRARY_PATH=/home/alon/.espressif/tools/riscv32-esp-elf/esp-2021r2-patch4-8.4.0/riscv32-esp-elf/bin/../lib/gcc/riscv32-esp-elf/8.4.0/rv32imc/ilp32/:/home/alon/.espressif/tools/riscv32-esp-elf/esp-2021r2-patch4-8.4.0/riscv32-esp-elf/bin/../lib/gcc/riscv32-esp-elf/8.4.0/../../../../riscv32-esp-elf/lib/rv32imc/ilp32/:/home/alon/.espressif/tools/riscv32-esp-elf/esp-2021r2-patch4-8.4.0/riscv32-esp-elf/bin/../lib/gcc/riscv32-esp-elf/8.4.0/:/home/alon/.espressif/tools/riscv32-esp-elf/esp-2021r2-patch4-8.4.0/riscv32-esp-elf/bin/../lib/gcc/:/home/alon/.espressif/tools/riscv32-esp-elf/esp-2021r2-patch4-8.4.0/riscv32-esp-elf/bin/../lib/gcc/riscv32-esp-elf/8.4.0/../../../../riscv32-esp-elf/lib/:/lib/:/usr/lib/]
  ignore line: [COLLECT_GCC_OPTIONS='-march=rv32imc' '-v' '-o' 'CMakeFiles/cmTC_cdb3b.dir/CMakeCXXCompilerABI.cpp.obj' '-c' '-mabi=ilp32']
  ignore line: [Linking CXX executable cmTC_cdb3b]
  ignore line: [/usr/bin/cmake -E cmake_link_script CMakeFiles/cmTC_cdb3b.dir/link.txt --verbose=1]
  ignore line: [/home/alon/.espressif/tools/riscv32-esp-elf/esp-2021r2-patch4-8.4.0/riscv32-esp-elf/bin/riscv32-esp-elf-g++ -march=rv32imc   -nostartfiles -march=rv32imc --specs=nosys.specs  -v CMakeFiles/cmTC_cdb3b.dir/CMakeCXXCompilerABI.cpp.obj -o cmTC_cdb3b ]
  ignore line: [Using built-in specs.]
  ignore line: [Reading specs from /home/alon/.espressif/tools/riscv32-esp-elf/esp-2021r2-patch4-8.4.0/riscv32-esp-elf/bin/../lib/gcc/riscv32-esp-elf/8.4.0/../../../../riscv32-esp-elf/lib/nosys.specs]
  ignore line: [rename spec link_gcc_c_sequence to nosys_link_gcc_c_sequence]
  ignore line: [COLLECT_GCC=/home/alon/.espressif/tools/riscv32-esp-elf/esp-2021r2-patch4-8.4.0/riscv32-esp-elf/bin/riscv32-esp-elf-g++]
  ignore line: [COLLECT_LTO_WRAPPER=/home/alon/.espressif/tools/riscv32-esp-elf/esp-2021r2-patch4-8.4.0/riscv32-esp-elf/bin/../libexec/gcc/riscv32-esp-elf/8.4.0/lto-wrapper]
  ignore line: [Target: riscv32-esp-elf]
  ignore line: [Configured with: /builds/idf/crosstool-NG/.build/riscv32-esp-elf/src/gcc/configure --build=x86_64-build_pc-linux-gnu --host=x86_64-build_pc-linux-gnu --target=riscv32-esp-elf --prefix=/builds/idf/crosstool-NG/builds/riscv32-esp-elf --exec_prefix=/builds/idf/crosstool-NG/builds/riscv32-esp-elf --with-local-prefix=/builds/idf/crosstool-NG/builds/riscv32-esp-elf/riscv32-esp-elf --with-headers=/builds/idf/crosstool-NG/builds/riscv32-esp-elf/riscv32-esp-elf/include --with-newlib --enable-threads=no --disable-shared --with-arch=rv32gc --with-abi=ilp32 --with-pkgversion='crosstool-NG esp-2021r2-patch4' --disable-__cxa_atexit --enable-cxx-flags=-ffunction-sections --disable-libgomp --disable-libmudflap --disable-libmpx --disable-libssp --disable-libquadmath --disable-libquadmath-support --disable-libstdcxx-verbose --with-gmp=/builds/idf/crosstool-NG/.build/riscv32-esp-elf/buildtools --with-mpfr=/builds/idf/crosstool-NG/.build/riscv32-esp-elf/buildtools --with-mpc=/builds/idf/crosstool-NG/.build/riscv32-esp-elf/buildtools --with-isl=/builds/idf/crosstool-NG/.build/riscv32-esp-elf/buildtools --enable-lto --enable-target-optspace --without-long-double-128 --disable-nls --enable-multiarch --enable-languages=c c++ --disable-libstdcxx-verbose --enable-threads=posix --enable-gcov-custom-rtio --enable-libstdcxx-time=yes]
  ignore line: [Thread model: posix]
  ignore line: [gcc version 8.4.0 (crosstool-NG esp-2021r2-patch4) ]
  ignore line: [COMPILER_PATH=/home/alon/.espressif/tools/riscv32-esp-elf/esp-2021r2-patch4-8.4.0/riscv32-esp-elf/bin/../libexec/gcc/riscv32-esp-elf/8.4.0/:/home/alon/.espressif/tools/riscv32-esp-elf/esp-2021r2-patch4-8.4.0/riscv32-esp-elf/bin/../libexec/gcc/:/home/alon/.espressif/tools/riscv32-esp-elf/esp-2021r2-patch4-8.4.0/riscv32-esp-elf/bin/../lib/gcc/riscv32-esp-elf/8.4.0/../../../../riscv32-esp-elf/bin/]
  ignore line: [LIBRARY_PATH=/home/alon/.espressif/tools/riscv32-esp-elf/esp-2021r2-patch4-8.4.0/riscv32-esp-elf/bin/../lib/gcc/riscv32-esp-elf/8.4.0/rv32imc/ilp32/:/home/alon/.espressif/tools/riscv32-esp-elf/esp-2021r2-patch4-8.4.0/riscv32-esp-elf/bin/../lib/gcc/riscv32-esp-elf/8.4.0/../../../../riscv32-esp-elf/lib/rv32imc/ilp32/:/home/alon/.espressif/tools/riscv32-esp-elf/esp-2021r2-patch4-8.4.0/riscv32-esp-elf/bin/../lib/gcc/riscv32-esp-elf/8.4.0/:/home/alon/.espressif/tools/riscv32-esp-elf/esp-2021r2-patch4-8.4.0/riscv32-esp-elf/bin/../lib/gcc/:/home/alon/.espressif/tools/riscv32-esp-elf/esp-2021r2-patch4-8.4.0/riscv32-esp-elf/bin/../lib/gcc/riscv32-esp-elf/8.4.0/../../../../riscv32-esp-elf/lib/:/lib/:/usr/lib/]
  ignore line: [COLLECT_GCC_OPTIONS='-march=rv32imc' '-nostartfiles' '-march=rv32imc' '-specs=nosys.specs' '-v' '-o' 'cmTC_cdb3b' '-mabi=ilp32']
  link line: [ /home/alon/.espressif/tools/riscv32-esp-elf/esp-2021r2-patch4-8.4.0/riscv32-esp-elf/bin/../libexec/gcc/riscv32-esp-elf/8.4.0/collect2 -plugin /home/alon/.espressif/tools/riscv32-esp-elf/esp-2021r2-patch4-8.4.0/riscv32-esp-elf/bin/../libexec/gcc/riscv32-esp-elf/8.4.0/liblto_plugin.so -plugin-opt=/home/alon/.espressif/tools/riscv32-esp-elf/esp-2021r2-patch4-8.4.0/riscv32-esp-elf/bin/../libexec/gcc/riscv32-esp-elf/8.4.0/lto-wrapper -plugin-opt=-fresolution=/tmp/ccfcuz4a.res -plugin-opt=-pass-through=-lgcc -plugin-opt=-pass-through=-lc -plugin-opt=-pass-through=-lnosys -plugin-opt=-pass-through=-lc -plugin-opt=-pass-through=-lgcc -plugin-opt=-pass-through=-lgcc -plugin-opt=-pass-through=-lc -plugin-opt=-pass-through=-lnosys -melf32lriscv -o cmTC_cdb3b -L/home/alon/.espressif/tools/riscv32-esp-elf/esp-2021r2-patch4-8.4.0/riscv32-esp-elf/bin/../lib/gcc/riscv32-esp-elf/8.4.0/rv32imc/ilp32 -L/home/alon/.espressif/tools/riscv32-esp-elf/esp-2021r2-patch4-8.4.0/riscv32-esp-elf/bin/../lib/gcc/riscv32-esp-elf/8.4.0/../../../../riscv32-esp-elf/lib/rv32imc/ilp32 -L/home/alon/.espressif/tools/riscv32-esp-elf/esp-2021r2-patch4-8.4.0/riscv32-esp-elf/bin/../lib/gcc/riscv32-esp-elf/8.4.0 -L/home/alon/.espressif/tools/riscv32-esp-elf/esp-2021r2-patch4-8.4.0/riscv32-esp-elf/bin/../lib/gcc -L/home/alon/.espressif/tools/riscv32-esp-elf/esp-2021r2-patch4-8.4.0/riscv32-esp-elf/bin/../lib/gcc/riscv32-esp-elf/8.4.0/../../../../riscv32-esp-elf/lib CMakeFiles/cmTC_cdb3b.dir/CMakeCXXCompilerABI.cpp.obj -lstdc++ -lm -lgcc -lc -lnosys -lc -lgcc --start-group -lgcc -lc -lnosys --end-group]
    arg [/home/alon/.espressif/tools/riscv32-esp-elf/esp-2021r2-patch4-8.4.0/riscv32-esp-elf/bin/../libexec/gcc/riscv32-esp-elf/8.4.0/collect2] ==> ignore
    arg [-plugin] ==> ignore
    arg [/home/alon/.espressif/tools/riscv32-esp-elf/esp-2021r2-patch4-8.4.0/riscv32-esp-elf/bin/../libexec/gcc/riscv32-esp-elf/8.4.0/liblto_plugin.so] ==> ignore
    arg [-plugin-opt=/home/alon/.espressif/tools/riscv32-esp-elf/esp-2021r2-patch4-8.4.0/riscv32-esp-elf/bin/../libexec/gcc/riscv32-esp-elf/8.4.0/lto-wrapper] ==> ignore
    arg [-plugin-opt=-fresolution=/tmp/ccfcuz4a.res] ==> ignore
    arg [-plugin-opt=-pass-through=-lgcc] ==> ignore
    arg [-plugin-opt=-pass-through=-lc] ==> ignore
    arg [-plugin-opt=-pass-through=-lnosys] ==> ignore
    arg [-plugin-opt=-pass-through=-lc] ==> ignore
    arg [-plugin-opt=-pass-through=-lgcc] ==> ignore
    arg [-plugin-opt=-pass-through=-lgcc] ==> ignore
    arg [-plugin-opt=-pass-through=-lc] ==> ignore
    arg [-plugin-opt=-pass-through=-lnosys] ==> ignore
    arg [-melf32lriscv] ==> ignore
    arg [-o] ==> ignore
    arg [cmTC_cdb3b] ==> ignore
    arg [-L/home/alon/.espressif/tools/riscv32-esp-elf/esp-2021r2-patch4-8.4.0/riscv32-esp-elf/bin/../lib/gcc/riscv32-esp-elf/8.4.0/rv32imc/ilp32] ==> dir [/home/alon/.espressif/tools/riscv32-esp-elf/esp-2021r2-patch4-8.4.0/riscv32-esp-elf/bin/../lib/gcc/riscv32-esp-elf/8.4.0/rv32imc/ilp32]
    arg [-L/home/alon/.espressif/tools/riscv32-esp-elf/esp-2021r2-patch4-8.4.0/riscv32-esp-elf/bin/../lib/gcc/riscv32-esp-elf/8.4.0/../../../../riscv32-esp-elf/lib/rv32imc/ilp32] ==> dir [/home/alon/.espressif/tools/riscv32-esp-elf/esp-2021r2-patch4-8.4.0/riscv32-esp-elf/bin/../lib/gcc/riscv32-esp-elf/8.4.0/../../../../riscv32-esp-elf/lib/rv32imc/ilp32]
    arg [-L/home/alon/.espressif/tools/riscv32-esp-elf/esp-2021r2-patch4-8.4.0/riscv32-esp-elf/bin/../lib/gcc/riscv32-esp-elf/8.4.0] ==> dir [/home/alon/.espressif/tools/riscv32-esp-elf/esp-2021r2-patch4-8.4.0/riscv32-esp-elf/bin/../lib/gcc/riscv32-esp-elf/8.4.0]
    arg [-L/home/alon/.espressif/tools/riscv32-esp-elf/esp-2021r2-patch4-8.4.0/riscv32-esp-elf/bin/../lib/gcc] ==> dir [/home/alon/.espressif/tools/riscv32-esp-elf/esp-2021r2-patch4-8.4.0/riscv32-esp-elf/bin/../lib/gcc]
    arg [-L/home/alon/.espressif/tools/riscv32-esp-elf/esp-2021r2-patch4-8.4.0/riscv32-esp-elf/bin/../lib/gcc/riscv32-esp-elf/8.4.0/../../../../riscv32-esp-elf/lib] ==> dir [/home/alon/.espressif/tools/riscv32-esp-elf/esp-2021r2-patch4-8.4.0/riscv32-esp-elf/bin/../lib/gcc/riscv32-esp-elf/8.4.0/../../../../riscv32-esp-elf/lib]
    arg [CMakeFiles/cmTC_cdb3b.dir/CMakeCXXCompilerABI.cpp.obj] ==> ignore
    arg [-lstdc++] ==> lib [stdc++]
    arg [-lm] ==> lib [m]
    arg [-lgcc] ==> lib [gcc]
    arg [-lc] ==> lib [c]
    arg [-lnosys] ==> lib [nosys]
    arg [-lc] ==> lib [c]
    arg [-lgcc] ==> lib [gcc]
    arg [--start-group] ==> ignore
    arg [-lgcc] ==> lib [gcc]
    arg [-lc] ==> lib [c]
    arg [-lnosys] ==> lib [nosys]
    arg [--end-group] ==> ignore
  collapse library dir [/home/alon/.espressif/tools/riscv32-esp-elf/esp-2021r2-patch4-8.4.0/riscv32-esp-elf/bin/../lib/gcc/riscv32-esp-elf/8.4.0/rv32imc/ilp32] ==> [/home/alon/.espressif/tools/riscv32-esp-elf/esp-2021r2-patch4-8.4.0/riscv32-esp-elf/lib/gcc/riscv32-esp-elf/8.4.0/rv32imc/ilp32]
  collapse library dir [/home/alon/.espressif/tools/riscv32-esp-elf/esp-2021r2-patch4-8.4.0/riscv32-esp-elf/bin/../lib/gcc/riscv32-esp-elf/8.4.0/../../../../riscv32-esp-elf/lib/rv32imc/ilp32] ==> [/home/alon/.espressif/tools/riscv32-esp-elf/esp-2021r2-patch4-8.4.0/riscv32-esp-elf/riscv32-esp-elf/lib/rv32imc/ilp32]
  collapse library dir [/home/alon/.espressif/tools/riscv32-esp-elf/esp-2021r2-patch4-8.4.0/riscv32-esp-elf/bin/../lib/gcc/riscv32-esp-elf/8.4.0] ==> [/home/alon/.espressif/tools/riscv32-esp-elf/esp-2021r2-patch4-8.4.0/riscv32-esp-elf/lib/gcc/riscv32-esp-elf/8.4.0]
  collapse library dir [/home/alon/.espressif/tools/riscv32-esp-elf/esp-2021r2-patch4-8.4.0/riscv32-esp-elf/bin/../lib/gcc] ==> [/home/alon/.espressif/tools/riscv32-esp-elf/esp-2021r2-patch4-8.4.0/riscv32-esp-elf/lib/gcc]
  collapse library dir [/home/alon/.espressif/tools/riscv32-esp-elf/esp-2021r2-patch4-8.4.0/riscv32-esp-elf/bin/../lib/gcc/riscv32-esp-elf/8.4.0/../../../../riscv32-esp-elf/lib] ==> [/home/alon/.espressif/tools/riscv32-esp-elf/esp-2021r2-patch4-8.4.0/riscv32-esp-elf/riscv32-esp-elf/lib]
  implicit libs: [stdc++;m;gcc;c;nosys;c;gcc;gcc;c;nosys]
  implicit objs: []
  implicit dirs: [/home/alon/.espressif/tools/riscv32-esp-elf/esp-2021r2-patch4-8.4.0/riscv32-esp-elf/lib/gcc/riscv32-esp-elf/8.4.0/rv32imc/ilp32;/home/alon/.espressif/tools/riscv32-esp-elf/esp-2021r2-patch4-8.4.0/riscv32-esp-elf/riscv32-esp-elf/lib/rv32imc/ilp32;/home/alon/.espressif/tools/riscv32-esp-elf/esp-2021r2-patch4-8.4.0/riscv32-esp-elf/lib/gcc/riscv32-esp-elf/8.4.0;/home/alon/.espressif/tools/riscv32-esp-elf/esp-2021r2-patch4-8.4.0/riscv32-esp-elf/lib/gcc;/home/alon/.espressif/tools/riscv32-esp-elf/esp-2021r2-patch4-8.4.0/riscv32-esp-elf/riscv32-esp-elf/lib]
  implicit fwks: []


